Using pre-set license
Built from '2020.3/staging' branch; Version is '2020.3.10f1 (297d780c91bc) revision 2719096'; Using compiler version '192528614'; Build Type 'Release'
OS: 'Windows 10 Education; OS build 19043.1387; Version 2009; 64bit' Language: 'ko' Physical Memory: 16245 MB
BatchMode: 1, IsHumanControllingUs: 0, StartBugReporterOnCrash: 0, Is64bit: 1, IsPro: 0

 COMMAND LINE ARGUMENTS:
C:\Program Files\Unity\Hub\Editor\2020.3.10f1\Editor\Unity.exe
-adb2
-batchMode
-noUpm
-name
AssetImportWorker1
-projectPath
D:/Unity_Game_Development_Project/2D_Casual_Game
-logFile
Logs/AssetImportWorker1.log
-srvPort
52088
Successfully changed project path to: D:/Unity_Game_Development_Project/2D_Casual_Game
D:/Unity_Game_Development_Project/2D_Casual_Game
Using Asset Import Pipeline V2.
Refreshing native plugins compatible for Editor in 30.99 ms, found 3 plugins.
Preloading 0 native plugins for Editor in 0.00 ms.
Initialize engine version: 2020.3.10f1 (297d780c91bc)
[Subsystems] Discovering subsystems at path C:/Program Files/Unity/Hub/Editor/2020.3.10f1/Editor/Data/Resources/UnitySubsystems
[Subsystems] Discovering subsystems at path D:/Unity_Game_Development_Project/2D_Casual_Game/Assets
GfxDevice: creating device client; threaded=0
Direct3D:
    Version:  Direct3D 11.0 [level 11.1]
    Renderer: Intel(R) UHD Graphics 630 (ID=0x9bc5)
    Vendor:   
    VRAM:     8122 MB
    Driver:   27.20.100.9316
Initialize mono
Mono path[0] = 'C:/Program Files/Unity/Hub/Editor/2020.3.10f1/Editor/Data/Managed'
Mono path[1] = 'C:/Program Files/Unity/Hub/Editor/2020.3.10f1/Editor/Data/MonoBleedingEdge/lib/mono/unityjit'
Mono config path = 'C:/Program Files/Unity/Hub/Editor/2020.3.10f1/Editor/Data/MonoBleedingEdge/etc'
Using monoOptions --debugger-agent=transport=dt_socket,embedding=1,server=y,suspend=n,address=127.0.0.1:56768
Begin MonoManager ReloadAssembly
Registering precompiled unity dll's ...
Register platform support module: C:/Program Files/Unity/Hub/Editor/2020.3.10f1/Editor/Data/PlaybackEngines/WindowsStandaloneSupport/UnityEditor.WindowsStandalone.Extensions.dll
Registered in 0.001300 seconds.
Native extension for WindowsStandalone target not found
Refreshing native plugins compatible for Editor in 32.03 ms, found 3 plugins.
Preloading 0 native plugins for Editor in 0.00 ms.
Mono: successfully reloaded assembly
- Completed reload, in  1.532 seconds
Platform modules already initialized, skipping
Registering precompiled user dll's ...
Registered in 0.002250 seconds.
Begin MonoManager ReloadAssembly
Native extension for WindowsStandalone target not found
Refreshing native plugins compatible for Editor in 31.88 ms, found 3 plugins.
Preloading 0 native plugins for Editor in 0.00 ms.
Mono: successfully reloaded assembly
- Completed reload, in  0.838 seconds
Platform modules already initialized, skipping
========================================================================
Worker process is ready to serve import requests
Launched and connected shader compiler UnityShaderCompiler.exe after 0.03 seconds
Refreshing native plugins compatible for Editor in 0.41 ms, found 3 plugins.
Preloading 0 native plugins for Editor in 0.00 ms.
Unloading 2087 Unused Serialized files (Serialized files now loaded: 0)
System memory in use before: 95.7 MB.
System memory in use after: 95.6 MB.

Unloading 33 unused Assets to reduce memory usage. Loaded Objects now: 2522.
Total: 1.878700 ms (FindLiveObjects: 0.167600 ms CreateObjectMapping: 0.061600 ms MarkObjects: 1.555800 ms  DeleteObjects: 0.093200 ms)

========================================================================
Received Import Request.
  path: Assets/Prefabs/Enemy/GreyDummy.prefab
  artifactKey: Guid(12a5c1a5689056b42ad1cd30999ade05) Importer(815301076,1909f56bfc062723c751e8b465ee728b)
Start importing Assets/Prefabs/Enemy/GreyDummy.prefab using Guid(12a5c1a5689056b42ad1cd30999ade05) Importer(815301076,1909f56bfc062723c751e8b465ee728b)  -> (artifact id: 'f0a4a2e416aeb2a427fe3c03d7505b6e') in 0.077267 seconds
  Import took 0.080290 seconds .

========================================================================
Received Import Request.
  Time since last request: 23.920717 seconds.
  path: Assets/Script/FireballScript.cs
  artifactKey: Guid(ef586cf2bf8b4164a8b13c4341146f2a) Importer(815301076,1909f56bfc062723c751e8b465ee728b)
Start importing Assets/Script/FireballScript.cs using Guid(ef586cf2bf8b4164a8b13c4341146f2a) Importer(815301076,1909f56bfc062723c751e8b465ee728b)  -> (artifact id: '01cbd601b277f811678e8fbf941cab91') in 0.008471 seconds
  Import took 0.011397 seconds .

========================================================================
Received Prepare
Registering precompiled user dll's ...
Registered in 0.002176 seconds.
Begin MonoManager ReloadAssembly
Native extension for WindowsStandalone target not found
Refreshing native plugins compatible for Editor in 0.41 ms, found 3 plugins.
Preloading 0 native plugins for Editor in 0.00 ms.
Mono: successfully reloaded assembly
- Completed reload, in  0.756 seconds
Platform modules already initialized, skipping
Refreshing native plugins compatible for Editor in 0.35 ms, found 3 plugins.
Preloading 0 native plugins for Editor in 0.00 ms.
Unloading 2083 Unused Serialized files (Serialized files now loaded: 0)
System memory in use before: 98.6 MB.
System memory in use after: 98.6 MB.

Unloading 21 unused Assets to reduce memory usage. Loaded Objects now: 2534.
Total: 1.723100 ms (FindLiveObjects: 0.145100 ms CreateObjectMapping: 0.060300 ms MarkObjects: 1.446500 ms  DeleteObjects: 0.070500 ms)

========================================================================
Received Prepare
Registering precompiled user dll's ...
Registered in 0.001962 seconds.
Begin MonoManager ReloadAssembly
Native extension for WindowsStandalone target not found
Refreshing native plugins compatible for Editor in 0.39 ms, found 3 plugins.
Preloading 0 native plugins for Editor in 0.00 ms.
Mono: successfully reloaded assembly
- Completed reload, in  0.766 seconds
Platform modules already initialized, skipping
Refreshing native plugins compatible for Editor in 0.38 ms, found 3 plugins.
Preloading 0 native plugins for Editor in 0.00 ms.
Unloading 2083 Unused Serialized files (Serialized files now loaded: 0)
System memory in use before: 98.7 MB.
System memory in use after: 98.7 MB.

Unloading 21 unused Assets to reduce memory usage. Loaded Objects now: 2538.
Total: 1.940200 ms (FindLiveObjects: 0.166400 ms CreateObjectMapping: 0.060600 ms MarkObjects: 1.634400 ms  DeleteObjects: 0.078200 ms)

========================================================================
Received Import Request.
  Time since last request: 14.939223 seconds.
  path: Assets/Prefabs/Effect/Fireball_0.prefab
  artifactKey: Guid(aba5d943e54ad3e4c92ada5d41ea6979) Importer(815301076,1909f56bfc062723c751e8b465ee728b)
Start importing Assets/Prefabs/Effect/Fireball_0.prefab using Guid(aba5d943e54ad3e4c92ada5d41ea6979) Importer(815301076,1909f56bfc062723c751e8b465ee728b)  -> (artifact id: '0371f16e827f3234fd08624c59abb21d') in 0.048972 seconds
  Import took 0.051899 seconds .

========================================================================
Received Prepare
Registering precompiled user dll's ...
Registered in 0.002214 seconds.
Begin MonoManager ReloadAssembly
Native extension for WindowsStandalone target not found
Refreshing native plugins compatible for Editor in 0.39 ms, found 3 plugins.
Preloading 0 native plugins for Editor in 0.00 ms.
Mono: successfully reloaded assembly
- Completed reload, in  0.752 seconds
Platform modules already initialized, skipping
Refreshing native plugins compatible for Editor in 0.38 ms, found 3 plugins.
Preloading 0 native plugins for Editor in 0.00 ms.
Unloading 2083 Unused Serialized files (Serialized files now loaded: 0)
System memory in use before: 98.7 MB.
System memory in use after: 98.7 MB.

Unloading 21 unused Assets to reduce memory usage. Loaded Objects now: 2543.
Total: 1.994300 ms (FindLiveObjects: 0.167000 ms CreateObjectMapping: 0.064100 ms MarkObjects: 1.683400 ms  DeleteObjects: 0.079200 ms)

========================================================================
Received Prepare
Registering precompiled user dll's ...
Registered in 0.002137 seconds.
Begin MonoManager ReloadAssembly
Native extension for WindowsStandalone target not found
Refreshing native plugins compatible for Editor in 0.39 ms, found 3 plugins.
Preloading 0 native plugins for Editor in 0.00 ms.
Mono: successfully reloaded assembly
- Completed reload, in  0.750 seconds
Platform modules already initialized, skipping
Refreshing native plugins compatible for Editor in 0.52 ms, found 3 plugins.
Preloading 0 native plugins for Editor in 0.00 ms.
Unloading 2083 Unused Serialized files (Serialized files now loaded: 0)
System memory in use before: 98.7 MB.
System memory in use after: 98.7 MB.

Unloading 21 unused Assets to reduce memory usage. Loaded Objects now: 2547.
Total: 1.791400 ms (FindLiveObjects: 0.160500 ms CreateObjectMapping: 0.067400 ms MarkObjects: 1.478000 ms  DeleteObjects: 0.084300 ms)

========================================================================
Received Import Request.
  Time since last request: 142.662261 seconds.
  path: Assets/Prefabs/Effect/Fireball_0.prefab
  artifactKey: Guid(aba5d943e54ad3e4c92ada5d41ea6979) Importer(815301076,1909f56bfc062723c751e8b465ee728b)
Start importing Assets/Prefabs/Effect/Fireball_0.prefab using Guid(aba5d943e54ad3e4c92ada5d41ea6979) Importer(815301076,1909f56bfc062723c751e8b465ee728b)  -> (artifact id: '0d1afc5fe24b5ca19f1b16e5e4845f56') in 0.047053 seconds
  Import took 0.049992 seconds .

========================================================================
Received Import Request.
  Time since last request: 1.265182 seconds.
  path: Assets/Prefabs/Effect/Fireball_0.prefab
  artifactKey: Guid(aba5d943e54ad3e4c92ada5d41ea6979) Importer(815301076,1909f56bfc062723c751e8b465ee728b)
Start importing Assets/Prefabs/Effect/Fireball_0.prefab using Guid(aba5d943e54ad3e4c92ada5d41ea6979) Importer(815301076,1909f56bfc062723c751e8b465ee728b)  -> (artifact id: 'f4d9c90a8fa3229a39beea31e65685d9') in 0.013670 seconds
  Import took 0.016473 seconds .

========================================================================
Received Prepare
Registering precompiled user dll's ...
Registered in 0.002127 seconds.
Begin MonoManager ReloadAssembly
Native extension for WindowsStandalone target not found
Refreshing native plugins compatible for Editor in 0.39 ms, found 3 plugins.
Preloading 0 native plugins for Editor in 0.00 ms.
Mono: successfully reloaded assembly
- Completed reload, in  0.771 seconds
Platform modules already initialized, skipping
Refreshing native plugins compatible for Editor in 0.40 ms, found 3 plugins.
Preloading 0 native plugins for Editor in 0.00 ms.
Unloading 2083 Unused Serialized files (Serialized files now loaded: 0)
System memory in use before: 98.8 MB.
System memory in use after: 98.8 MB.

Unloading 21 unused Assets to reduce memory usage. Loaded Objects now: 2552.
Total: 1.780500 ms (FindLiveObjects: 0.151200 ms CreateObjectMapping: 0.058700 ms MarkObjects: 1.482600 ms  DeleteObjects: 0.087300 ms)

========================================================================
Received Import Request.
  Time since last request: 670.378543 seconds.
  path: Assets/Prefabs/Effect/Fireball_0.prefab
  artifactKey: Guid(aba5d943e54ad3e4c92ada5d41ea6979) Importer(815301076,1909f56bfc062723c751e8b465ee728b)
Start importing Assets/Prefabs/Effect/Fireball_0.prefab using Guid(aba5d943e54ad3e4c92ada5d41ea6979) Importer(815301076,1909f56bfc062723c751e8b465ee728b)  -> (artifact id: '8d27216dc7ea6c3bcd49ee834df1f0c1') in 0.046635 seconds
  Import took 0.049437 seconds .

========================================================================
Received Prepare
Registering precompiled user dll's ...
Registered in 0.002029 seconds.
Begin MonoManager ReloadAssembly
Native extension for WindowsStandalone target not found
Refreshing native plugins compatible for Editor in 0.41 ms, found 3 plugins.
Preloading 0 native plugins for Editor in 0.00 ms.
Mono: successfully reloaded assembly
- Completed reload, in  0.753 seconds
Platform modules already initialized, skipping
Refreshing native plugins compatible for Editor in 0.40 ms, found 3 plugins.
Preloading 0 native plugins for Editor in 0.00 ms.
Unloading 2083 Unused Serialized files (Serialized files now loaded: 0)
System memory in use before: 98.8 MB.
System memory in use after: 98.8 MB.

Unloading 21 unused Assets to reduce memory usage. Loaded Objects now: 2557.
Total: 1.738000 ms (FindLiveObjects: 0.166100 ms CreateObjectMapping: 0.067300 ms MarkObjects: 1.423000 ms  DeleteObjects: 0.080900 ms)

========================================================================
Received Prepare
Registering precompiled user dll's ...
Registered in 0.002772 seconds.
Begin MonoManager ReloadAssembly
Native extension for WindowsStandalone target not found
Refreshing native plugins compatible for Editor in 0.42 ms, found 3 plugins.
Preloading 0 native plugins for Editor in 0.00 ms.
Mono: successfully reloaded assembly
- Completed reload, in  0.750 seconds
Platform modules already initialized, skipping
Refreshing native plugins compatible for Editor in 0.40 ms, found 3 plugins.
Preloading 0 native plugins for Editor in 0.00 ms.
Unloading 2083 Unused Serialized files (Serialized files now loaded: 0)
System memory in use before: 98.8 MB.
System memory in use after: 98.8 MB.

Unloading 21 unused Assets to reduce memory usage. Loaded Objects now: 2561.
Total: 2.043900 ms (FindLiveObjects: 0.202600 ms CreateObjectMapping: 0.072200 ms MarkObjects: 1.683800 ms  DeleteObjects: 0.084200 ms)

========================================================================
Received Import Request.
  Time since last request: 82.819580 seconds.
  path: Assets/Prefabs/Effect/Fireball_0.prefab
  artifactKey: Guid(aba5d943e54ad3e4c92ada5d41ea6979) Importer(815301076,1909f56bfc062723c751e8b465ee728b)
Start importing Assets/Prefabs/Effect/Fireball_0.prefab using Guid(aba5d943e54ad3e4c92ada5d41ea6979) Importer(815301076,1909f56bfc062723c751e8b465ee728b)  -> (artifact id: '75b1ba6182e69d18395afc22b5133b46') in 0.044487 seconds
  Import took 0.047482 seconds .

========================================================================
Received Prepare
Registering precompiled user dll's ...
Registered in 0.002370 seconds.
Begin MonoManager ReloadAssembly
Native extension for WindowsStandalone target not found
Refreshing native plugins compatible for Editor in 0.56 ms, found 3 plugins.
Preloading 0 native plugins for Editor in 0.00 ms.
Mono: successfully reloaded assembly
- Completed reload, in  0.961 seconds
Platform modules already initialized, skipping
Refreshing native plugins compatible for Editor in 0.62 ms, found 3 plugins.
Preloading 0 native plugins for Editor in 0.00 ms.
Unloading 2083 Unused Serialized files (Serialized files now loaded: 0)
System memory in use before: 98.8 MB.
System memory in use after: 98.8 MB.

Unloading 21 unused Assets to reduce memory usage. Loaded Objects now: 2566.
Total: 3.787200 ms (FindLiveObjects: 0.370000 ms CreateObjectMapping: 0.512900 ms MarkObjects: 2.783600 ms  DeleteObjects: 0.119200 ms)

========================================================================
Received Prepare
Registering precompiled user dll's ...
Registered in 0.002005 seconds.
Begin MonoManager ReloadAssembly
Native extension for WindowsStandalone target not found
Refreshing native plugins compatible for Editor in 0.39 ms, found 3 plugins.
Preloading 0 native plugins for Editor in 0.00 ms.
Mono: successfully reloaded assembly
- Completed reload, in  0.753 seconds
Platform modules already initialized, skipping
Refreshing native plugins compatible for Editor in 0.43 ms, found 3 plugins.
Preloading 0 native plugins for Editor in 0.00 ms.
Unloading 2083 Unused Serialized files (Serialized files now loaded: 0)
System memory in use before: 98.8 MB.
System memory in use after: 98.8 MB.

Unloading 21 unused Assets to reduce memory usage. Loaded Objects now: 2570.
Total: 1.824700 ms (FindLiveObjects: 0.166600 ms CreateObjectMapping: 0.115300 ms MarkObjects: 1.424400 ms  DeleteObjects: 0.117600 ms)

========================================================================
Received Prepare
Registering precompiled user dll's ...
Registered in 0.002298 seconds.
Begin MonoManager ReloadAssembly
Native extension for WindowsStandalone target not found
Refreshing native plugins compatible for Editor in 0.39 ms, found 3 plugins.
Preloading 0 native plugins for Editor in 0.00 ms.
Mono: successfully reloaded assembly
- Completed reload, in  0.755 seconds
Platform modules already initialized, skipping
Refreshing native plugins compatible for Editor in 0.39 ms, found 3 plugins.
Preloading 0 native plugins for Editor in 0.00 ms.
Unloading 2083 Unused Serialized files (Serialized files now loaded: 0)
System memory in use before: 98.8 MB.
System memory in use after: 98.8 MB.

Unloading 21 unused Assets to reduce memory usage. Loaded Objects now: 2574.
Total: 2.100000 ms (FindLiveObjects: 0.186100 ms CreateObjectMapping: 0.073900 ms MarkObjects: 1.754800 ms  DeleteObjects: 0.084400 ms)

========================================================================
Received Import Request.
  Time since last request: 54.289277 seconds.
  path: Assets/Prefabs/Effect/Fireball_0.prefab
  artifactKey: Guid(aba5d943e54ad3e4c92ada5d41ea6979) Importer(815301076,1909f56bfc062723c751e8b465ee728b)
Start importing Assets/Prefabs/Effect/Fireball_0.prefab using Guid(aba5d943e54ad3e4c92ada5d41ea6979) Importer(815301076,1909f56bfc062723c751e8b465ee728b)  -> (artifact id: '24c6100e7b56a132ba2a4441ff64eb52') in 0.046102 seconds
  Import took 0.048888 seconds .

========================================================================
Received Import Request.
  Time since last request: 0.023888 seconds.
  path: Assets/Prefabs/Effect/Fireball_0.prefab
  artifactKey: Guid(aba5d943e54ad3e4c92ada5d41ea6979) Importer(815301076,1909f56bfc062723c751e8b465ee728b)
Start importing Assets/Prefabs/Effect/Fireball_0.prefab using Guid(aba5d943e54ad3e4c92ada5d41ea6979) Importer(815301076,1909f56bfc062723c751e8b465ee728b)  -> (artifact id: '24c6100e7b56a132ba2a4441ff64eb52') in 0.010451 seconds
  Import took 0.013181 seconds .

========================================================================
Received Prepare
Registering precompiled user dll's ...
Registered in 0.002086 seconds.
Begin MonoManager ReloadAssembly
Native extension for WindowsStandalone target not found
Refreshing native plugins compatible for Editor in 0.39 ms, found 3 plugins.
Preloading 0 native plugins for Editor in 0.00 ms.
Mono: successfully reloaded assembly
- Completed reload, in  0.757 seconds
Platform modules already initialized, skipping
Refreshing native plugins compatible for Editor in 0.39 ms, found 3 plugins.
Preloading 0 native plugins for Editor in 0.00 ms.
Unloading 2083 Unused Serialized files (Serialized files now loaded: 0)
System memory in use before: 98.9 MB.
System memory in use after: 98.8 MB.

Unloading 21 unused Assets to reduce memory usage. Loaded Objects now: 2579.
Total: 1.760500 ms (FindLiveObjects: 0.156600 ms CreateObjectMapping: 0.065600 ms MarkObjects: 1.457400 ms  DeleteObjects: 0.080100 ms)

========================================================================
Received Prepare
Registering precompiled user dll's ...
Registered in 0.002723 seconds.
Begin MonoManager ReloadAssembly
Native extension for WindowsStandalone target not found
Refreshing native plugins compatible for Editor in 0.39 ms, found 3 plugins.
Preloading 0 native plugins for Editor in 0.00 ms.
Mono: successfully reloaded assembly
- Completed reload, in  0.767 seconds
Platform modules already initialized, skipping
Refreshing native plugins compatible for Editor in 0.40 ms, found 3 plugins.
Preloading 0 native plugins for Editor in 0.00 ms.
Unloading 2083 Unused Serialized files (Serialized files now loaded: 0)
System memory in use before: 98.9 MB.
System memory in use after: 98.9 MB.

Unloading 21 unused Assets to reduce memory usage. Loaded Objects now: 2583.
Total: 1.805200 ms (FindLiveObjects: 0.158700 ms CreateObjectMapping: 0.063800 ms MarkObjects: 1.489200 ms  DeleteObjects: 0.092700 ms)

========================================================================
Received Prepare
Registering precompiled user dll's ...
Registered in 0.002082 seconds.
Begin MonoManager ReloadAssembly
Native extension for WindowsStandalone target not found
Refreshing native plugins compatible for Editor in 0.39 ms, found 3 plugins.
Preloading 0 native plugins for Editor in 0.00 ms.
Mono: successfully reloaded assembly
- Completed reload, in  0.755 seconds
Platform modules already initialized, skipping
Refreshing native plugins compatible for Editor in 0.40 ms, found 3 plugins.
Preloading 0 native plugins for Editor in 0.00 ms.
Unloading 2083 Unused Serialized files (Serialized files now loaded: 0)
System memory in use before: 98.9 MB.
System memory in use after: 98.9 MB.

Unloading 21 unused Assets to reduce memory usage. Loaded Objects now: 2587.
Total: 1.777500 ms (FindLiveObjects: 0.156800 ms CreateObjectMapping: 0.065200 ms MarkObjects: 1.468900 ms  DeleteObjects: 0.085900 ms)

========================================================================
Received Prepare
Registering precompiled user dll's ...
Registered in 0.002149 seconds.
Begin MonoManager ReloadAssembly
Native extension for WindowsStandalone target not found
Refreshing native plugins compatible for Editor in 0.40 ms, found 3 plugins.
Preloading 0 native plugins for Editor in 0.00 ms.
Mono: successfully reloaded assembly
- Completed reload, in  0.735 seconds
Platform modules already initialized, skipping
Refreshing native plugins compatible for Editor in 0.39 ms, found 3 plugins.
Preloading 0 native plugins for Editor in 0.00 ms.
Unloading 2083 Unused Serialized files (Serialized files now loaded: 0)
System memory in use before: 98.9 MB.
System memory in use after: 98.9 MB.

Unloading 21 unused Assets to reduce memory usage. Loaded Objects now: 2591.
Total: 1.974000 ms (FindLiveObjects: 0.163100 ms CreateObjectMapping: 0.072100 ms MarkObjects: 1.656800 ms  DeleteObjects: 0.081500 ms)

========================================================================
Received Prepare
Registering precompiled user dll's ...
Registered in 0.002086 seconds.
Begin MonoManager ReloadAssembly
Native extension for WindowsStandalone target not found
Refreshing native plugins compatible for Editor in 0.39 ms, found 3 plugins.
Preloading 0 native plugins for Editor in 0.00 ms.
Mono: successfully reloaded assembly
- Completed reload, in  0.740 seconds
Platform modules already initialized, skipping
Refreshing native plugins compatible for Editor in 0.52 ms, found 3 plugins.
Preloading 0 native plugins for Editor in 0.00 ms.
Unloading 2083 Unused Serialized files (Serialized files now loaded: 0)
System memory in use before: 98.9 MB.
System memory in use after: 98.9 MB.

Unloading 21 unused Assets to reduce memory usage. Loaded Objects now: 2595.
Total: 1.777700 ms (FindLiveObjects: 0.160000 ms CreateObjectMapping: 0.062800 ms MarkObjects: 1.470600 ms  DeleteObjects: 0.083600 ms)

========================================================================
Received Prepare
Registering precompiled user dll's ...
Registered in 0.002499 seconds.
Begin MonoManager ReloadAssembly
Native extension for WindowsStandalone target not found
Refreshing native plugins compatible for Editor in 0.42 ms, found 3 plugins.
Preloading 0 native plugins for Editor in 0.00 ms.
Mono: successfully reloaded assembly
- Completed reload, in  0.768 seconds
Platform modules already initialized, skipping
Refreshing native plugins compatible for Editor in 0.42 ms, found 3 plugins.
Preloading 0 native plugins for Editor in 0.00 ms.
Unloading 2083 Unused Serialized files (Serialized files now loaded: 0)
System memory in use before: 98.9 MB.
System memory in use after: 98.9 MB.

Unloading 21 unused Assets to reduce memory usage. Loaded Objects now: 2599.
Total: 2.060200 ms (FindLiveObjects: 0.173200 ms CreateObjectMapping: 0.058400 ms MarkObjects: 1.742100 ms  DeleteObjects: 0.085900 ms)

========================================================================
Received Prepare
Registering precompiled user dll's ...
Registered in 0.002111 seconds.
Begin MonoManager ReloadAssembly
Native extension for WindowsStandalone target not found
Refreshing native plugins compatible for Editor in 0.39 ms, found 3 plugins.
Preloading 0 native plugins for Editor in 0.00 ms.
Mono: successfully reloaded assembly
- Completed reload, in  0.736 seconds
Platform modules already initialized, skipping
Refreshing native plugins compatible for Editor in 0.40 ms, found 3 plugins.
Preloading 0 native plugins for Editor in 0.00 ms.
Unloading 2083 Unused Serialized files (Serialized files now loaded: 0)
System memory in use before: 98.9 MB.
System memory in use after: 98.9 MB.

Unloading 21 unused Assets to reduce memory usage. Loaded Objects now: 2603.
Total: 2.028900 ms (FindLiveObjects: 0.154100 ms CreateObjectMapping: 0.065300 ms MarkObjects: 1.721400 ms  DeleteObjects: 0.087500 ms)

========================================================================
Received Prepare
Registering precompiled user dll's ...
Registered in 0.002086 seconds.
Begin MonoManager ReloadAssembly
Native extension for WindowsStandalone target not found
Refreshing native plugins compatible for Editor in 0.39 ms, found 3 plugins.
Preloading 0 native plugins for Editor in 0.00 ms.
Mono: successfully reloaded assembly
- Completed reload, in  0.757 seconds
Platform modules already initialized, skipping
Refreshing native plugins compatible for Editor in 0.40 ms, found 3 plugins.
Preloading 0 native plugins for Editor in 0.00 ms.
Unloading 2083 Unused Serialized files (Serialized files now loaded: 0)
System memory in use before: 98.9 MB.
System memory in use after: 98.9 MB.

Unloading 21 unused Assets to reduce memory usage. Loaded Objects now: 2607.
Total: 2.079500 ms (FindLiveObjects: 0.191200 ms CreateObjectMapping: 0.073500 ms MarkObjects: 1.720700 ms  DeleteObjects: 0.093000 ms)

========================================================================
Received Prepare
Registering precompiled user dll's ...
Registered in 0.002103 seconds.
Begin MonoManager ReloadAssembly
Native extension for WindowsStandalone target not found
Refreshing native plugins compatible for Editor in 0.39 ms, found 3 plugins.
Preloading 0 native plugins for Editor in 0.00 ms.
Mono: successfully reloaded assembly
- Completed reload, in  0.751 seconds
Platform modules already initialized, skipping
Refreshing native plugins compatible for Editor in 0.40 ms, found 3 plugins.
Preloading 0 native plugins for Editor in 0.00 ms.
Unloading 2083 Unused Serialized files (Serialized files now loaded: 0)
System memory in use before: 98.9 MB.
System memory in use after: 98.9 MB.

Unloading 21 unused Assets to reduce memory usage. Loaded Objects now: 2611.
Total: 1.984300 ms (FindLiveObjects: 0.196500 ms CreateObjectMapping: 0.075900 ms MarkObjects: 1.625700 ms  DeleteObjects: 0.085500 ms)

========================================================================
Received Prepare
Registering precompiled user dll's ...
Registered in 0.002104 seconds.
Begin MonoManager ReloadAssembly
Native extension for WindowsStandalone target not found
Refreshing native plugins compatible for Editor in 0.40 ms, found 3 plugins.
Preloading 0 native plugins for Editor in 0.00 ms.
Mono: successfully reloaded assembly
- Completed reload, in  0.764 seconds
Platform modules already initialized, skipping
Refreshing native plugins compatible for Editor in 0.37 ms, found 3 plugins.
Preloading 0 native plugins for Editor in 0.00 ms.
Unloading 2083 Unused Serialized files (Serialized files now loaded: 0)
System memory in use before: 98.9 MB.
System memory in use after: 98.9 MB.

Unloading 21 unused Assets to reduce memory usage. Loaded Objects now: 2615.
Total: 1.762700 ms (FindLiveObjects: 0.163200 ms CreateObjectMapping: 0.063500 ms MarkObjects: 1.455900 ms  DeleteObjects: 0.079200 ms)

========================================================================
Received Prepare
Registering precompiled user dll's ...
Registered in 0.002161 seconds.
Begin MonoManager ReloadAssembly
Native extension for WindowsStandalone target not found
Refreshing native plugins compatible for Editor in 0.39 ms, found 3 plugins.
Preloading 0 native plugins for Editor in 0.00 ms.
Mono: successfully reloaded assembly
- Completed reload, in  0.749 seconds
Platform modules already initialized, skipping
Refreshing native plugins compatible for Editor in 0.37 ms, found 3 plugins.
Preloading 0 native plugins for Editor in 0.00 ms.
Unloading 2083 Unused Serialized files (Serialized files now loaded: 0)
System memory in use before: 98.9 MB.
System memory in use after: 98.9 MB.

Unloading 21 unused Assets to reduce memory usage. Loaded Objects now: 2619.
Total: 2.014700 ms (FindLiveObjects: 0.188900 ms CreateObjectMapping: 0.065900 ms MarkObjects: 1.675500 ms  DeleteObjects: 0.083800 ms)

========================================================================
Received Import Request.
  Time since last request: 738.296298 seconds.
  path: Assets/Prefabs/Effect/Fireball_0.prefab
  artifactKey: Guid(aba5d943e54ad3e4c92ada5d41ea6979) Importer(815301076,1909f56bfc062723c751e8b465ee728b)
Start importing Assets/Prefabs/Effect/Fireball_0.prefab using Guid(aba5d943e54ad3e4c92ada5d41ea6979) Importer(815301076,1909f56bfc062723c751e8b465ee728b)  -> (artifact id: '14b226d05bf388b5cc52dd30934ae10f') in 0.043871 seconds
  Import took 0.047058 seconds .

========================================================================
Received Import Request.
  Time since last request: 15.692031 seconds.
  path: Assets/Prefabs/Enemy/GreyDummy.prefab
  artifactKey: Guid(12a5c1a5689056b42ad1cd30999ade05) Importer(815301076,1909f56bfc062723c751e8b465ee728b)
Start importing Assets/Prefabs/Enemy/GreyDummy.prefab using Guid(12a5c1a5689056b42ad1cd30999ade05) Importer(815301076,1909f56bfc062723c751e8b465ee728b)  -> (artifact id: '099e748e2aaf8851a024847922123905') in 0.028438 seconds
  Import took 0.031309 seconds .

========================================================================
Received Prepare
Registering precompiled user dll's ...
Registered in 0.002038 seconds.
Begin MonoManager ReloadAssembly
Native extension for WindowsStandalone target not found
Refreshing native plugins compatible for Editor in 0.41 ms, found 3 plugins.
Preloading 0 native plugins for Editor in 0.00 ms.
Mono: successfully reloaded assembly
- Completed reload, in  0.738 seconds
Platform modules already initialized, skipping
Refreshing native plugins compatible for Editor in 0.39 ms, found 3 plugins.
Preloading 0 native plugins for Editor in 0.00 ms.
Unloading 2083 Unused Serialized files (Serialized files now loaded: 0)
System memory in use before: 99.0 MB.
System memory in use after: 98.9 MB.

Unloading 21 unused Assets to reduce memory usage. Loaded Objects now: 2624.
Total: 1.878200 ms (FindLiveObjects: 0.162400 ms CreateObjectMapping: 0.066100 ms MarkObjects: 1.568800 ms  DeleteObjects: 0.080200 ms)

========================================================================
Received Prepare
Registering precompiled user dll's ...
Registered in 0.002606 seconds.
Begin MonoManager ReloadAssembly
Native extension for WindowsStandalone target not found
Refreshing native plugins compatible for Editor in 0.39 ms, found 3 plugins.
Preloading 0 native plugins for Editor in 0.00 ms.
Mono: successfully reloaded assembly
- Completed reload, in  0.836 seconds
Platform modules already initialized, skipping
Refreshing native plugins compatible for Editor in 0.42 ms, found 3 plugins.
Preloading 0 native plugins for Editor in 0.00 ms.
Unloading 2083 Unused Serialized files (Serialized files now loaded: 0)
System memory in use before: 99.0 MB.
System memory in use after: 98.9 MB.

Unloading 21 unused Assets to reduce memory usage. Loaded Objects now: 2628.
Total: 1.776900 ms (FindLiveObjects: 0.170400 ms CreateObjectMapping: 0.067700 ms MarkObjects: 1.453900 ms  DeleteObjects: 0.083800 ms)

========================================================================
Received Import Request.
  Time since last request: 68.070449 seconds.
  path: Assets/Prefabs/Enemy/Dummy 1.prefab
  artifactKey: Guid(1dc4e3a668d28b3419bf48a95200a902) Importer(815301076,1909f56bfc062723c751e8b465ee728b)
Start importing Assets/Prefabs/Enemy/Dummy 1.prefab using Guid(1dc4e3a668d28b3419bf48a95200a902) Importer(815301076,1909f56bfc062723c751e8b465ee728b)  -> (artifact id: '1881b51f8b339c79a24af407022b098e') in 0.054813 seconds
  Import took 0.057860 seconds .

========================================================================
Received Import Request.
  Time since last request: 7.297150 seconds.
  path: Assets/Prefabs/Enemy/Dummy 1.prefab
  artifactKey: Guid(1dc4e3a668d28b3419bf48a95200a902) Importer(815301076,1909f56bfc062723c751e8b465ee728b)
Start importing Assets/Prefabs/Enemy/Dummy 1.prefab using Guid(1dc4e3a668d28b3419bf48a95200a902) Importer(815301076,1909f56bfc062723c751e8b465ee728b)  -> (artifact id: '4fc5fe7fce1335ab997cf999e3eb1f85') in 0.014009 seconds
  Import took 0.017288 seconds .

========================================================================
Received Import Request.
  Time since last request: 0.007656 seconds.
  path: Assets/Prefabs/Enemy/Dummy 1.prefab
  artifactKey: Guid(1dc4e3a668d28b3419bf48a95200a902) Importer(815301076,1909f56bfc062723c751e8b465ee728b)
Start importing Assets/Prefabs/Enemy/Dummy 1.prefab using Guid(1dc4e3a668d28b3419bf48a95200a902) Importer(815301076,1909f56bfc062723c751e8b465ee728b)  -> (artifact id: '4fc5fe7fce1335ab997cf999e3eb1f85') in 0.012967 seconds
  Import took 0.015924 seconds .

========================================================================
Received Import Request.
  Time since last request: 11.862733 seconds.
  path: Assets/Prefabs/Enemy/SkyBuleDummy.prefab
  artifactKey: Guid(1dc4e3a668d28b3419bf48a95200a902) Importer(815301076,1909f56bfc062723c751e8b465ee728b)
Start importing Assets/Prefabs/Enemy/SkyBuleDummy.prefab using Guid(1dc4e3a668d28b3419bf48a95200a902) Importer(815301076,1909f56bfc062723c751e8b465ee728b)  -> (artifact id: '4265f018bf3541199cd1971fa90a1ff5') in 0.015079 seconds
  Import took 0.018245 seconds .

========================================================================
Received Import Request.
  Time since last request: 0.003238 seconds.
  path: Assets/Prefabs/Enemy/SkyBuleDummy.prefab
  artifactKey: Guid(1dc4e3a668d28b3419bf48a95200a902) Importer(815301076,1909f56bfc062723c751e8b465ee728b)
Start importing Assets/Prefabs/Enemy/SkyBuleDummy.prefab using Guid(1dc4e3a668d28b3419bf48a95200a902) Importer(815301076,1909f56bfc062723c751e8b465ee728b)  -> (artifact id: '4265f018bf3541199cd1971fa90a1ff5') in 0.011161 seconds
  Import took 0.014437 seconds .

========================================================================
Received Import Request.
  Time since last request: 5.408464 seconds.
  path: Assets/Prefabs/Enemy/SkyBlueDummy.prefab
  artifactKey: Guid(1dc4e3a668d28b3419bf48a95200a902) Importer(815301076,1909f56bfc062723c751e8b465ee728b)
Start importing Assets/Prefabs/Enemy/SkyBlueDummy.prefab using Guid(1dc4e3a668d28b3419bf48a95200a902) Importer(815301076,1909f56bfc062723c751e8b465ee728b)  -> (artifact id: 'a8d78f24cb95f60878ed765f9cdd1d7e') in 0.014184 seconds
  Import took 0.017719 seconds .

========================================================================
Received Import Request.
  Time since last request: 0.003946 seconds.
  path: Assets/Prefabs/Enemy/SkyBlueDummy.prefab
  artifactKey: Guid(1dc4e3a668d28b3419bf48a95200a902) Importer(815301076,1909f56bfc062723c751e8b465ee728b)
Start importing Assets/Prefabs/Enemy/SkyBlueDummy.prefab using Guid(1dc4e3a668d28b3419bf48a95200a902) Importer(815301076,1909f56bfc062723c751e8b465ee728b)  -> (artifact id: 'a8d78f24cb95f60878ed765f9cdd1d7e') in 0.012300 seconds
  Import took 0.015314 seconds .

========================================================================
Received Import Request.
  Time since last request: 5.796949 seconds.
  path: Assets/Prefabs/Enemy/GreenDummy.prefab
  artifactKey: Guid(6b9bbca3ce65abb4f81e7b5673d1e70e) Importer(815301076,1909f56bfc062723c751e8b465ee728b)
Start importing Assets/Prefabs/Enemy/GreenDummy.prefab using Guid(6b9bbca3ce65abb4f81e7b5673d1e70e) Importer(815301076,1909f56bfc062723c751e8b465ee728b)  -> (artifact id: '0d16a70ff56710f9034b35495f42901a') in 0.010594 seconds
  Import took 0.013636 seconds .

========================================================================
Received Import Request.
  Time since last request: 0.005568 seconds.
  path: Assets/Prefabs/Enemy/GreenDummy.prefab
  artifactKey: Guid(6b9bbca3ce65abb4f81e7b5673d1e70e) Importer(815301076,1909f56bfc062723c751e8b465ee728b)
Start importing Assets/Prefabs/Enemy/GreenDummy.prefab using Guid(6b9bbca3ce65abb4f81e7b5673d1e70e) Importer(815301076,1909f56bfc062723c751e8b465ee728b)  -> (artifact id: '0d16a70ff56710f9034b35495f42901a') in 0.011656 seconds
  Import took 0.014688 seconds .

========================================================================
Received Import Request.
  Time since last request: 215.131846 seconds.
  path: Assets/Script/EnemyScript/SkyBlueScript.cs
  artifactKey: Guid(796136ab24abd0f4f916bb179dbb23fa) Importer(815301076,1909f56bfc062723c751e8b465ee728b)
Start importing Assets/Script/EnemyScript/SkyBlueScript.cs using Guid(796136ab24abd0f4f916bb179dbb23fa) Importer(815301076,1909f56bfc062723c751e8b465ee728b)  -> (artifact id: '3bc2232efc53353a071ae534fa2d1aad') in 0.007071 seconds
  Import took 0.011069 seconds .

========================================================================
Received Prepare
Registering precompiled user dll's ...
Registered in 0.002013 seconds.
Begin MonoManager ReloadAssembly
Native extension for WindowsStandalone target not found
Refreshing native plugins compatible for Editor in 0.41 ms, found 3 plugins.
Preloading 0 native plugins for Editor in 0.00 ms.
Mono: successfully reloaded assembly
- Completed reload, in  0.769 seconds
Platform modules already initialized, skipping
Refreshing native plugins compatible for Editor in 0.39 ms, found 3 plugins.
Preloading 0 native plugins for Editor in 0.00 ms.
Unloading 2084 Unused Serialized files (Serialized files now loaded: 0)
System memory in use before: 99.0 MB.
System memory in use after: 99.0 MB.

Unloading 21 unused Assets to reduce memory usage. Loaded Objects now: 2634.
Total: 1.812000 ms (FindLiveObjects: 0.169600 ms CreateObjectMapping: 0.068300 ms MarkObjects: 1.486600 ms  DeleteObjects: 0.086700 ms)

========================================================================
Received Import Request.
  Time since last request: 3.145418 seconds.
  path: Assets/Script/EnemyScript/GrayDummy.cs
  artifactKey: Guid(e0967fbc06ef3ff439bd99596a8a7f88) Importer(815301076,1909f56bfc062723c751e8b465ee728b)
Start importing Assets/Script/EnemyScript/GrayDummy.cs using Guid(e0967fbc06ef3ff439bd99596a8a7f88) Importer(815301076,1909f56bfc062723c751e8b465ee728b)  -> (artifact id: '2fdb73466b662b1399c33af2a5bd540c') in 0.010181 seconds
  Import took 0.012799 seconds .

========================================================================
Received Prepare
Registering precompiled user dll's ...
Registered in 0.002161 seconds.
Begin MonoManager ReloadAssembly
Native extension for WindowsStandalone target not found
Refreshing native plugins compatible for Editor in 0.39 ms, found 3 plugins.
Preloading 0 native plugins for Editor in 0.00 ms.
Mono: successfully reloaded assembly
- Completed reload, in  0.748 seconds
Platform modules already initialized, skipping
Refreshing native plugins compatible for Editor in 0.39 ms, found 3 plugins.
Preloading 0 native plugins for Editor in 0.00 ms.
Unloading 2084 Unused Serialized files (Serialized files now loaded: 0)
System memory in use before: 99.0 MB.
System memory in use after: 99.0 MB.

Unloading 21 unused Assets to reduce memory usage. Loaded Objects now: 2638.
Total: 1.987700 ms (FindLiveObjects: 0.165800 ms CreateObjectMapping: 0.057000 ms MarkObjects: 1.681000 ms  DeleteObjects: 0.083100 ms)

========================================================================
Received Import Request.
  Time since last request: 13.150649 seconds.
  path: Assets/Script/EnemyScript/SkyBlueScript.cs
  artifactKey: Guid(796136ab24abd0f4f916bb179dbb23fa) Importer(815301076,1909f56bfc062723c751e8b465ee728b)
Start importing Assets/Script/EnemyScript/SkyBlueScript.cs using Guid(796136ab24abd0f4f916bb179dbb23fa) Importer(815301076,1909f56bfc062723c751e8b465ee728b)  -> (artifact id: 'b92f244a661c84b092567301fe3ba890') in 0.021673 seconds
  Import took 0.028112 seconds .

========================================================================
Received Prepare
Registering precompiled user dll's ...
Registered in 0.003268 seconds.
Begin MonoManager ReloadAssembly
Native extension for WindowsStandalone target not found
Refreshing native plugins compatible for Editor in 0.39 ms, found 3 plugins.
Preloading 0 native plugins for Editor in 0.00 ms.
Mono: successfully reloaded assembly
- Completed reload, in  0.760 seconds
Platform modules already initialized, skipping
Refreshing native plugins compatible for Editor in 0.39 ms, found 3 plugins.
Preloading 0 native plugins for Editor in 0.00 ms.
Unloading 2084 Unused Serialized files (Serialized files now loaded: 0)
System memory in use before: 99.0 MB.
System memory in use after: 99.0 MB.

Unloading 21 unused Assets to reduce memory usage. Loaded Objects now: 2642.
Total: 1.881700 ms (FindLiveObjects: 0.177900 ms CreateObjectMapping: 0.063300 ms MarkObjects: 1.555400 ms  DeleteObjects: 0.084100 ms)

========================================================================
Received Import Request.
  Time since last request: 921.037397 seconds.
  path: Assets/Script/EnemyScript/SkyBlueScript.cs
  artifactKey: Guid(796136ab24abd0f4f916bb179dbb23fa) Importer(815301076,1909f56bfc062723c751e8b465ee728b)
Start importing Assets/Script/EnemyScript/SkyBlueScript.cs using Guid(796136ab24abd0f4f916bb179dbb23fa) Importer(815301076,1909f56bfc062723c751e8b465ee728b)  -> (artifact id: '3b492daeb9e0fddd6937dcbf4558ddf2') in 0.009955 seconds
  Import took 0.012306 seconds .

========================================================================
Received Import Request.
  Time since last request: 2.827270 seconds.
  path: ProjectSettings/TagManager.asset
  artifactKey: Guid(00000000000000003000000000000000) Importer(815301076,1909f56bfc062723c751e8b465ee728b)
Start importing ProjectSettings/TagManager.asset using Guid(00000000000000003000000000000000) Importer(815301076,1909f56bfc062723c751e8b465ee728b)  -> (artifact id: '5ec1efc37ffba3f80b8438968e0a4faf') in 0.012577 seconds
  Import took 0.015649 seconds .

========================================================================
Received Prepare
Registering precompiled user dll's ...
Registered in 0.002054 seconds.
Begin MonoManager ReloadAssembly
Native extension for WindowsStandalone target not found
Refreshing native plugins compatible for Editor in 0.40 ms, found 3 plugins.
Preloading 0 native plugins for Editor in 0.00 ms.
Mono: successfully reloaded assembly
- Completed reload, in  0.751 seconds
Platform modules already initialized, skipping
Refreshing native plugins compatible for Editor in 0.37 ms, found 3 plugins.
Preloading 0 native plugins for Editor in 0.00 ms.
Unloading 2084 Unused Serialized files (Serialized files now loaded: 0)
System memory in use before: 99.0 MB.
System memory in use after: 99.0 MB.

Unloading 22 unused Assets to reduce memory usage. Loaded Objects now: 2646.
Total: 2.022500 ms (FindLiveObjects: 0.161800 ms CreateObjectMapping: 0.067900 ms MarkObjects: 1.710900 ms  DeleteObjects: 0.081200 ms)

========================================================================
Received Import Request.
  Time since last request: 71.798644 seconds.
  path: Assets/Prefabs/Enemy/SkyBlueDummy.prefab
  artifactKey: Guid(1dc4e3a668d28b3419bf48a95200a902) Importer(815301076,1909f56bfc062723c751e8b465ee728b)
Start importing Assets/Prefabs/Enemy/SkyBlueDummy.prefab using Guid(1dc4e3a668d28b3419bf48a95200a902) Importer(815301076,1909f56bfc062723c751e8b465ee728b)  -> (artifact id: '8787ca4688bdf85598f458c2d6145bc8') in 0.057323 seconds
  Import took 0.060305 seconds .

========================================================================
Received Import Request.
  Time since last request: 3.401510 seconds.
  path: Assets/Prefabs/Enemy/SkyBlueDummy.prefab
  artifactKey: Guid(1dc4e3a668d28b3419bf48a95200a902) Importer(815301076,1909f56bfc062723c751e8b465ee728b)
Start importing Assets/Prefabs/Enemy/SkyBlueDummy.prefab using Guid(1dc4e3a668d28b3419bf48a95200a902) Importer(815301076,1909f56bfc062723c751e8b465ee728b)  -> (artifact id: 'ac7e255356a96955e0d2f37044e1de1e') in 0.012985 seconds
  Import took 0.016224 seconds .

========================================================================
Received Import Request.
  Time since last request: 0.002273 seconds.
  path: Assets/Prefabs/Enemy/SkyBlueDummy.prefab
  artifactKey: Guid(1dc4e3a668d28b3419bf48a95200a902) Importer(815301076,1909f56bfc062723c751e8b465ee728b)
Start importing Assets/Prefabs/Enemy/SkyBlueDummy.prefab using Guid(1dc4e3a668d28b3419bf48a95200a902) Importer(815301076,1909f56bfc062723c751e8b465ee728b)  -> (artifact id: 'ac7e255356a96955e0d2f37044e1de1e') in 0.009849 seconds
  Import took 0.012671 seconds .

========================================================================
Received Import Request.
  Time since last request: 10.447069 seconds.
  path: Assets/Script/EnemyScript/SkyBlueScript.cs
  artifactKey: Guid(796136ab24abd0f4f916bb179dbb23fa) Importer(815301076,1909f56bfc062723c751e8b465ee728b)
Start importing Assets/Script/EnemyScript/SkyBlueScript.cs using Guid(796136ab24abd0f4f916bb179dbb23fa) Importer(815301076,1909f56bfc062723c751e8b465ee728b)  -> (artifact id: 'a9a84992936203411afd3209f2156db3') in 0.008297 seconds
  Import took 0.011517 seconds .

========================================================================
Received Import Request.
  Time since last request: 4.742099 seconds.
  path: Assets/Script/EnemyScript/SkyBlueDummy.cs
  artifactKey: Guid(796136ab24abd0f4f916bb179dbb23fa) Importer(815301076,1909f56bfc062723c751e8b465ee728b)
Start importing Assets/Script/EnemyScript/SkyBlueDummy.cs using Guid(796136ab24abd0f4f916bb179dbb23fa) Importer(815301076,1909f56bfc062723c751e8b465ee728b)  -> (artifact id: 'ff2de3d1f2f1998b3169f66c47b67ed2') in 0.003749 seconds
  Import took 0.006802 seconds .

========================================================================
Received Prepare
Registering precompiled user dll's ...
Registered in 0.002019 seconds.
Begin MonoManager ReloadAssembly
Native extension for WindowsStandalone target not found
Refreshing native plugins compatible for Editor in 0.41 ms, found 3 plugins.
Preloading 0 native plugins for Editor in 0.00 ms.
Mono: successfully reloaded assembly
- Completed reload, in  0.744 seconds
Platform modules already initialized, skipping
Refreshing native plugins compatible for Editor in 0.40 ms, found 3 plugins.
Preloading 0 native plugins for Editor in 0.00 ms.
Unloading 2084 Unused Serialized files (Serialized files now loaded: 0)
System memory in use before: 99.1 MB.
System memory in use after: 99.0 MB.

Unloading 21 unused Assets to reduce memory usage. Loaded Objects now: 2651.
Total: 2.003000 ms (FindLiveObjects: 0.198700 ms CreateObjectMapping: 0.076000 ms MarkObjects: 1.634300 ms  DeleteObjects: 0.093200 ms)

========================================================================
Received Prepare
Registering precompiled user dll's ...
Registered in 0.002165 seconds.
Begin MonoManager ReloadAssembly
Native extension for WindowsStandalone target not found
Refreshing native plugins compatible for Editor in 0.39 ms, found 3 plugins.
Preloading 0 native plugins for Editor in 0.00 ms.
Mono: successfully reloaded assembly
- Completed reload, in  0.749 seconds
Platform modules already initialized, skipping
Refreshing native plugins compatible for Editor in 0.40 ms, found 3 plugins.
Preloading 0 native plugins for Editor in 0.00 ms.
Unloading 2084 Unused Serialized files (Serialized files now loaded: 0)
System memory in use before: 99.1 MB.
System memory in use after: 99.0 MB.

Unloading 21 unused Assets to reduce memory usage. Loaded Objects now: 2655.
Total: 2.076000 ms (FindLiveObjects: 0.171800 ms CreateObjectMapping: 0.067600 ms MarkObjects: 1.710100 ms  DeleteObjects: 0.125800 ms)

========================================================================
Received Import Request.
  Time since last request: 12.491266 seconds.
  path: Assets/Script/EnemyScript/SkyBlueDummy.cs
  artifactKey: Guid(796136ab24abd0f4f916bb179dbb23fa) Importer(815301076,1909f56bfc062723c751e8b465ee728b)
Start importing Assets/Script/EnemyScript/SkyBlueDummy.cs using Guid(796136ab24abd0f4f916bb179dbb23fa) Importer(815301076,1909f56bfc062723c751e8b465ee728b)  -> (artifact id: '29f6ad89a17913baa495083b1d7eeee2') in 0.010618 seconds
  Import took 0.012964 seconds .

========================================================================
Received Import Request.
  Time since last request: 11.998869 seconds.
  path: Assets/Prefabs/Enemy/SkyBlueDummy.prefab
  artifactKey: Guid(1dc4e3a668d28b3419bf48a95200a902) Importer(815301076,1909f56bfc062723c751e8b465ee728b)
Start importing Assets/Prefabs/Enemy/SkyBlueDummy.prefab using Guid(1dc4e3a668d28b3419bf48a95200a902) Importer(815301076,1909f56bfc062723c751e8b465ee728b)  -> (artifact id: 'd6cb243e63698a83e69194e9d6851172') in 0.048033 seconds
  Import took 0.051064 seconds .

========================================================================
Received Import Request.
  Time since last request: 3.974266 seconds.
  path: Assets/Prefabs/Enemy/SkyBlueDummy.prefab
  artifactKey: Guid(1dc4e3a668d28b3419bf48a95200a902) Importer(815301076,1909f56bfc062723c751e8b465ee728b)
Start importing Assets/Prefabs/Enemy/SkyBlueDummy.prefab using Guid(1dc4e3a668d28b3419bf48a95200a902) Importer(815301076,1909f56bfc062723c751e8b465ee728b)  -> (artifact id: '78ec9496ffcf45bc48cb9358dca81d43') in 0.010696 seconds
  Import took 0.013665 seconds .

========================================================================
Received Import Request.
  Time since last request: 0.007059 seconds.
  path: Assets/Prefabs/Enemy/SkyBlueDummy.prefab
  artifactKey: Guid(1dc4e3a668d28b3419bf48a95200a902) Importer(815301076,1909f56bfc062723c751e8b465ee728b)
Start importing Assets/Prefabs/Enemy/SkyBlueDummy.prefab using Guid(1dc4e3a668d28b3419bf48a95200a902) Importer(815301076,1909f56bfc062723c751e8b465ee728b)  -> (artifact id: '78ec9496ffcf45bc48cb9358dca81d43') in 0.014906 seconds
  Import took 0.017829 seconds .

========================================================================
Received Import Request.
  Time since last request: 8.117511 seconds.
  path: Assets/Prefabs/Enemy/SkyBlueDummy.prefab
  artifactKey: Guid(1dc4e3a668d28b3419bf48a95200a902) Importer(815301076,1909f56bfc062723c751e8b465ee728b)
Start importing Assets/Prefabs/Enemy/SkyBlueDummy.prefab using Guid(1dc4e3a668d28b3419bf48a95200a902) Importer(815301076,1909f56bfc062723c751e8b465ee728b)  -> (artifact id: '05c2a4dd15136aa3c3073e32373cf2ac') in 0.010977 seconds
  Import took 0.013993 seconds .

========================================================================
Received Prepare
Registering precompiled user dll's ...
Registered in 0.002041 seconds.
Begin MonoManager ReloadAssembly
Native extension for WindowsStandalone target not found
Refreshing native plugins compatible for Editor in 0.39 ms, found 3 plugins.
Preloading 0 native plugins for Editor in 0.00 ms.
Mono: successfully reloaded assembly
- Completed reload, in  0.749 seconds
Platform modules already initialized, skipping
Refreshing native plugins compatible for Editor in 0.40 ms, found 3 plugins.
Preloading 0 native plugins for Editor in 0.00 ms.
Unloading 2084 Unused Serialized files (Serialized files now loaded: 0)
System memory in use before: 99.1 MB.
System memory in use after: 99.1 MB.

Unloading 21 unused Assets to reduce memory usage. Loaded Objects now: 2660.
Total: 1.887400 ms (FindLiveObjects: 0.177400 ms CreateObjectMapping: 0.070300 ms MarkObjects: 1.554100 ms  DeleteObjects: 0.084800 ms)

========================================================================
Received Prepare
Registering precompiled user dll's ...
Registered in 0.002034 seconds.
Begin MonoManager ReloadAssembly
Native extension for WindowsStandalone target not found
Refreshing native plugins compatible for Editor in 0.39 ms, found 3 plugins.
Preloading 0 native plugins for Editor in 0.00 ms.
Mono: successfully reloaded assembly
- Completed reload, in  0.742 seconds
Platform modules already initialized, skipping
Refreshing native plugins compatible for Editor in 0.42 ms, found 3 plugins.
Preloading 0 native plugins for Editor in 0.00 ms.
Unloading 2084 Unused Serialized files (Serialized files now loaded: 0)
System memory in use before: 99.1 MB.
System memory in use after: 99.1 MB.

Unloading 21 unused Assets to reduce memory usage. Loaded Objects now: 2664.
Total: 1.822000 ms (FindLiveObjects: 0.180800 ms CreateObjectMapping: 0.073400 ms MarkObjects: 1.480700 ms  DeleteObjects: 0.086300 ms)

========================================================================
Received Import Request.
  Time since last request: 167.777585 seconds.
  path: Assets/Prefabs/Enemy/SkyBlueDummy.prefab
  artifactKey: Guid(1dc4e3a668d28b3419bf48a95200a902) Importer(815301076,1909f56bfc062723c751e8b465ee728b)
Start importing Assets/Prefabs/Enemy/SkyBlueDummy.prefab using Guid(1dc4e3a668d28b3419bf48a95200a902) Importer(815301076,1909f56bfc062723c751e8b465ee728b)  -> (artifact id: 'b43463cc1ad1a9b5ea47baceb45a6a8b') in 0.050716 seconds
  Import took 0.053716 seconds .

========================================================================
Received Prepare
Registering precompiled user dll's ...
Registered in 0.002061 seconds.
Begin MonoManager ReloadAssembly
Native extension for WindowsStandalone target not found
Refreshing native plugins compatible for Editor in 0.39 ms, found 3 plugins.
Preloading 0 native plugins for Editor in 0.00 ms.
Mono: successfully reloaded assembly
- Completed reload, in  0.741 seconds
Platform modules already initialized, skipping
Refreshing native plugins compatible for Editor in 0.40 ms, found 3 plugins.
Preloading 0 native plugins for Editor in 0.00 ms.
Unloading 2084 Unused Serialized files (Serialized files now loaded: 0)
System memory in use before: 99.1 MB.
System memory in use after: 99.1 MB.

Unloading 21 unused Assets to reduce memory usage. Loaded Objects now: 2669.
Total: 1.793600 ms (FindLiveObjects: 0.170700 ms CreateObjectMapping: 0.069100 ms MarkObjects: 1.470300 ms  DeleteObjects: 0.082900 ms)

========================================================================
Received Prepare
Registering precompiled user dll's ...
Registered in 0.002027 seconds.
Begin MonoManager ReloadAssembly
Native extension for WindowsStandalone target not found
Refreshing native plugins compatible for Editor in 0.39 ms, found 3 plugins.
Preloading 0 native plugins for Editor in 0.00 ms.
Mono: successfully reloaded assembly
- Completed reload, in  0.750 seconds
Platform modules already initialized, skipping
Refreshing native plugins compatible for Editor in 0.35 ms, found 3 plugins.
Preloading 0 native plugins for Editor in 0.00 ms.
Unloading 2084 Unused Serialized files (Serialized files now loaded: 0)
System memory in use before: 99.1 MB.
System memory in use after: 99.1 MB.

Unloading 21 unused Assets to reduce memory usage. Loaded Objects now: 2673.
Total: 1.926600 ms (FindLiveObjects: 0.173100 ms CreateObjectMapping: 0.066300 ms MarkObjects: 1.609700 ms  DeleteObjects: 0.076900 ms)

========================================================================
Received Prepare
Registering precompiled user dll's ...
Registered in 0.002227 seconds.
Begin MonoManager ReloadAssembly
Native extension for WindowsStandalone target not found
Refreshing native plugins compatible for Editor in 0.40 ms, found 3 plugins.
Preloading 0 native plugins for Editor in 0.00 ms.
Mono: successfully reloaded assembly
- Completed reload, in  0.753 seconds
Platform modules already initialized, skipping
Refreshing native plugins compatible for Editor in 0.37 ms, found 3 plugins.
Preloading 0 native plugins for Editor in 0.00 ms.
Unloading 2084 Unused Serialized files (Serialized files now loaded: 0)
System memory in use before: 99.1 MB.
System memory in use after: 99.1 MB.

Unloading 21 unused Assets to reduce memory usage. Loaded Objects now: 2677.
Total: 1.984200 ms (FindLiveObjects: 0.187700 ms CreateObjectMapping: 0.066900 ms MarkObjects: 1.646700 ms  DeleteObjects: 0.082300 ms)

========================================================================
Received Prepare
Registering precompiled user dll's ...
Registered in 0.002671 seconds.
Begin MonoManager ReloadAssembly
Native extension for WindowsStandalone target not found
Refreshing native plugins compatible for Editor in 0.39 ms, found 3 plugins.
Preloading 0 native plugins for Editor in 0.00 ms.
Mono: successfully reloaded assembly
- Completed reload, in  0.794 seconds
Platform modules already initialized, skipping
Refreshing native plugins compatible for Editor in 0.36 ms, found 3 plugins.
Preloading 0 native plugins for Editor in 0.00 ms.
Unloading 2084 Unused Serialized files (Serialized files now loaded: 0)
System memory in use before: 99.1 MB.
System memory in use after: 99.1 MB.

Unloading 21 unused Assets to reduce memory usage. Loaded Objects now: 2681.
Total: 1.990800 ms (FindLiveObjects: 0.176800 ms CreateObjectMapping: 0.069100 ms MarkObjects: 1.664200 ms  DeleteObjects: 0.080000 ms)

========================================================================
Received Prepare
Registering precompiled user dll's ...
Registered in 0.002022 seconds.
Begin MonoManager ReloadAssembly
Native extension for WindowsStandalone target not found
Refreshing native plugins compatible for Editor in 0.39 ms, found 3 plugins.
Preloading 0 native plugins for Editor in 0.00 ms.
Mono: successfully reloaded assembly
- Completed reload, in  0.763 seconds
Platform modules already initialized, skipping
Refreshing native plugins compatible for Editor in 0.36 ms, found 3 plugins.
Preloading 0 native plugins for Editor in 0.00 ms.
Unloading 2084 Unused Serialized files (Serialized files now loaded: 0)
System memory in use before: 99.2 MB.
System memory in use after: 99.1 MB.

Unloading 21 unused Assets to reduce memory usage. Loaded Objects now: 2685.
Total: 1.899500 ms (FindLiveObjects: 0.161600 ms CreateObjectMapping: 0.067400 ms MarkObjects: 1.583900 ms  DeleteObjects: 0.086000 ms)

========================================================================
Received Prepare
Registering precompiled user dll's ...
Registered in 0.002221 seconds.
Begin MonoManager ReloadAssembly
Native extension for WindowsStandalone target not found
Refreshing native plugins compatible for Editor in 0.41 ms, found 3 plugins.
Preloading 0 native plugins for Editor in 0.00 ms.
Mono: successfully reloaded assembly
- Completed reload, in  0.742 seconds
Platform modules already initialized, skipping
Refreshing native plugins compatible for Editor in 0.35 ms, found 3 plugins.
Preloading 0 native plugins for Editor in 0.00 ms.
Unloading 2084 Unused Serialized files (Serialized files now loaded: 0)
System memory in use before: 99.2 MB.
System memory in use after: 99.1 MB.

Unloading 21 unused Assets to reduce memory usage. Loaded Objects now: 2689.
Total: 1.829800 ms (FindLiveObjects: 0.168900 ms CreateObjectMapping: 0.066700 ms MarkObjects: 1.508500 ms  DeleteObjects: 0.084900 ms)

========================================================================
Received Prepare
Registering precompiled user dll's ...
Registered in 0.002549 seconds.
Begin MonoManager ReloadAssembly
Native extension for WindowsStandalone target not found
Refreshing native plugins compatible for Editor in 0.56 ms, found 3 plugins.
Preloading 0 native plugins for Editor in 0.00 ms.
Mono: successfully reloaded assembly
- Completed reload, in  0.905 seconds
Platform modules already initialized, skipping
Refreshing native plugins compatible for Editor in 0.36 ms, found 3 plugins.
Preloading 0 native plugins for Editor in 0.00 ms.
Unloading 2084 Unused Serialized files (Serialized files now loaded: 0)
System memory in use before: 99.2 MB.
System memory in use after: 99.2 MB.

Unloading 21 unused Assets to reduce memory usage. Loaded Objects now: 2693.
Total: 1.796100 ms (FindLiveObjects: 0.173800 ms CreateObjectMapping: 0.068700 ms MarkObjects: 1.471300 ms  DeleteObjects: 0.081100 ms)

========================================================================
Received Prepare
Registering precompiled user dll's ...
Registered in 0.002048 seconds.
Begin MonoManager ReloadAssembly
Native extension for WindowsStandalone target not found
Refreshing native plugins compatible for Editor in 0.39 ms, found 3 plugins.
Preloading 0 native plugins for Editor in 0.00 ms.
Mono: successfully reloaded assembly
- Completed reload, in  0.739 seconds
Platform modules already initialized, skipping
Refreshing native plugins compatible for Editor in 0.35 ms, found 3 plugins.
Preloading 0 native plugins for Editor in 0.00 ms.
Unloading 2084 Unused Serialized files (Serialized files now loaded: 0)
System memory in use before: 99.2 MB.
System memory in use after: 99.2 MB.

Unloading 21 unused Assets to reduce memory usage. Loaded Objects now: 2697.
Total: 1.901900 ms (FindLiveObjects: 0.201400 ms CreateObjectMapping: 0.090400 ms MarkObjects: 1.527200 ms  DeleteObjects: 0.082100 ms)

========================================================================
Received Prepare
Registering precompiled user dll's ...
Registered in 0.002550 seconds.
Begin MonoManager ReloadAssembly
Native extension for WindowsStandalone target not found
Refreshing native plugins compatible for Editor in 0.51 ms, found 3 plugins.
Preloading 0 native plugins for Editor in 0.00 ms.
Mono: successfully reloaded assembly
- Completed reload, in  0.967 seconds
Platform modules already initialized, skipping
Refreshing native plugins compatible for Editor in 0.54 ms, found 3 plugins.
Preloading 0 native plugins for Editor in 0.00 ms.
Unloading 2084 Unused Serialized files (Serialized files now loaded: 0)
System memory in use before: 99.2 MB.
System memory in use after: 99.2 MB.

Unloading 21 unused Assets to reduce memory usage. Loaded Objects now: 2701.
Total: 2.930000 ms (FindLiveObjects: 0.273800 ms CreateObjectMapping: 0.198100 ms MarkObjects: 2.331200 ms  DeleteObjects: 0.125300 ms)

========================================================================
Received Import Request.
  Time since last request: 283.308340 seconds.
  path: Assets/Prefabs/Ev/Room.prefab
  artifactKey: Guid(1224759b8cacbf94aa708561b7ccd2ca) Importer(815301076,1909f56bfc062723c751e8b465ee728b)
Start importing Assets/Prefabs/Ev/Room.prefab using Guid(1224759b8cacbf94aa708561b7ccd2ca) Importer(815301076,1909f56bfc062723c751e8b465ee728b)  -> (artifact id: '58970078e953a9680d90a8c5f275af64') in 0.067886 seconds
  Import took 0.071321 seconds .

========================================================================
Received Import Request.
  Time since last request: 6.963068 seconds.
  path: ProjectSettings/TagManager.asset
  artifactKey: Guid(00000000000000003000000000000000) Importer(815301076,1909f56bfc062723c751e8b465ee728b)
Start importing ProjectSettings/TagManager.asset using Guid(00000000000000003000000000000000) Importer(815301076,1909f56bfc062723c751e8b465ee728b)  -> (artifact id: 'dbe04f19c3275a83c2f6be02f4a4ae6f') in 0.004085 seconds
  Import took 0.007089 seconds .

========================================================================
Received Import Request.
  Time since last request: 0.002327 seconds.
  path: ProjectSettings/TagManager.asset
  artifactKey: Guid(00000000000000003000000000000000) Importer(815301076,1909f56bfc062723c751e8b465ee728b)
Start importing ProjectSettings/TagManager.asset using Guid(00000000000000003000000000000000) Importer(815301076,1909f56bfc062723c751e8b465ee728b)  -> (artifact id: 'dbe04f19c3275a83c2f6be02f4a4ae6f') in 0.003871 seconds
  Import took 0.006603 seconds .

========================================================================
Received Import Request.
  Time since last request: 8.579695 seconds.
  path: Assets/Prefabs/Effect/Fireball_0.prefab
  artifactKey: Guid(aba5d943e54ad3e4c92ada5d41ea6979) Importer(815301076,1909f56bfc062723c751e8b465ee728b)
Start importing Assets/Prefabs/Effect/Fireball_0.prefab using Guid(aba5d943e54ad3e4c92ada5d41ea6979) Importer(815301076,1909f56bfc062723c751e8b465ee728b)  -> (artifact id: '6ea8e5d2aed9afbd007e6a58606243b5') in 0.012789 seconds
  Import took 0.016020 seconds .

========================================================================
Received Import Request.
  Time since last request: 0.003055 seconds.
  path: Assets/Prefabs/Effect/Fireball_0.prefab
  artifactKey: Guid(aba5d943e54ad3e4c92ada5d41ea6979) Importer(815301076,1909f56bfc062723c751e8b465ee728b)
Start importing Assets/Prefabs/Effect/Fireball_0.prefab using Guid(aba5d943e54ad3e4c92ada5d41ea6979) Importer(815301076,1909f56bfc062723c751e8b465ee728b)  -> (artifact id: '6ea8e5d2aed9afbd007e6a58606243b5') in 0.014396 seconds
  Import took 0.017325 seconds .

========================================================================
Received Prepare
Registering precompiled user dll's ...
Registered in 0.002049 seconds.
Begin MonoManager ReloadAssembly
Native extension for WindowsStandalone target not found
Refreshing native plugins compatible for Editor in 0.39 ms, found 3 plugins.
Preloading 0 native plugins for Editor in 0.00 ms.
Mono: successfully reloaded assembly
- Completed reload, in  0.745 seconds
Platform modules already initialized, skipping
Refreshing native plugins compatible for Editor in 0.36 ms, found 3 plugins.
Preloading 0 native plugins for Editor in 0.00 ms.
Unloading 2084 Unused Serialized files (Serialized files now loaded: 0)
System memory in use before: 99.3 MB.
System memory in use after: 99.3 MB.

Unloading 23 unused Assets to reduce memory usage. Loaded Objects now: 2706.
Total: 1.779400 ms (FindLiveObjects: 0.184700 ms CreateObjectMapping: 0.070300 ms MarkObjects: 1.439000 ms  DeleteObjects: 0.084600 ms)

========================================================================
Received Prepare
Registering precompiled user dll's ...
Registered in 0.002003 seconds.
Begin MonoManager ReloadAssembly
Native extension for WindowsStandalone target not found
Refreshing native plugins compatible for Editor in 0.47 ms, found 3 plugins.
Preloading 0 native plugins for Editor in 0.00 ms.
Mono: successfully reloaded assembly
- Completed reload, in  0.761 seconds
Platform modules already initialized, skipping
Refreshing native plugins compatible for Editor in 0.36 ms, found 3 plugins.
Preloading 0 native plugins for Editor in 0.00 ms.
Unloading 2084 Unused Serialized files (Serialized files now loaded: 0)
System memory in use before: 99.3 MB.
System memory in use after: 99.3 MB.

Unloading 21 unused Assets to reduce memory usage. Loaded Objects now: 2710.
Total: 2.283300 ms (FindLiveObjects: 0.265500 ms CreateObjectMapping: 0.095800 ms MarkObjects: 1.786300 ms  DeleteObjects: 0.135000 ms)

========================================================================
Received Prepare
Registering precompiled user dll's ...
Registered in 0.002334 seconds.
Begin MonoManager ReloadAssembly
Native extension for WindowsStandalone target not found
Refreshing native plugins compatible for Editor in 0.44 ms, found 3 plugins.
Preloading 0 native plugins for Editor in 0.00 ms.
Mono: successfully reloaded assembly
- Completed reload, in  0.843 seconds
Platform modules already initialized, skipping
Refreshing native plugins compatible for Editor in 0.37 ms, found 3 plugins.
Preloading 0 native plugins for Editor in 0.00 ms.
Unloading 2084 Unused Serialized files (Serialized files now loaded: 0)
System memory in use before: 99.3 MB.
System memory in use after: 99.3 MB.

Unloading 21 unused Assets to reduce memory usage. Loaded Objects now: 2714.
Total: 1.761300 ms (FindLiveObjects: 0.182400 ms CreateObjectMapping: 0.068300 ms MarkObjects: 1.432800 ms  DeleteObjects: 0.077200 ms)

========================================================================
Received Prepare
Registering precompiled user dll's ...
Registered in 0.002044 seconds.
Begin MonoManager ReloadAssembly
Native extension for WindowsStandalone target not found
Refreshing native plugins compatible for Editor in 0.39 ms, found 3 plugins.
Preloading 0 native plugins for Editor in 0.00 ms.
Mono: successfully reloaded assembly
- Completed reload, in  0.746 seconds
Platform modules already initialized, skipping
Refreshing native plugins compatible for Editor in 0.35 ms, found 3 plugins.
Preloading 0 native plugins for Editor in 0.00 ms.
Unloading 2084 Unused Serialized files (Serialized files now loaded: 0)
System memory in use before: 99.3 MB.
System memory in use after: 99.4 MB.

Unloading 21 unused Assets to reduce memory usage. Loaded Objects now: 2718.
Total: 2.002100 ms (FindLiveObjects: 0.195600 ms CreateObjectMapping: 0.075700 ms MarkObjects: 1.649600 ms  DeleteObjects: 0.080400 ms)

========================================================================
Received Prepare
Registering precompiled user dll's ...
Registered in 0.002146 seconds.
Begin MonoManager ReloadAssembly
Native extension for WindowsStandalone target not found
Refreshing native plugins compatible for Editor in 0.39 ms, found 3 plugins.
Preloading 0 native plugins for Editor in 0.00 ms.
Mono: successfully reloaded assembly
- Completed reload, in  0.776 seconds
Platform modules already initialized, skipping
Refreshing native plugins compatible for Editor in 0.39 ms, found 3 plugins.
Preloading 0 native plugins for Editor in 0.00 ms.
Unloading 2084 Unused Serialized files (Serialized files now loaded: 0)
System memory in use before: 99.3 MB.
System memory in use after: 99.4 MB.

Unloading 21 unused Assets to reduce memory usage. Loaded Objects now: 2722.
Total: 1.911100 ms (FindLiveObjects: 0.208700 ms CreateObjectMapping: 0.080500 ms MarkObjects: 1.538200 ms  DeleteObjects: 0.082900 ms)

========================================================================
Received Prepare
Registering precompiled user dll's ...
Registered in 0.002111 seconds.
Begin MonoManager ReloadAssembly
Native extension for WindowsStandalone target not found
Refreshing native plugins compatible for Editor in 0.39 ms, found 3 plugins.
Preloading 0 native plugins for Editor in 0.00 ms.
Mono: successfully reloaded assembly
- Completed reload, in  0.739 seconds
Platform modules already initialized, skipping
Refreshing native plugins compatible for Editor in 0.38 ms, found 3 plugins.
Preloading 0 native plugins for Editor in 0.00 ms.
Unloading 2084 Unused Serialized files (Serialized files now loaded: 0)
System memory in use before: 99.3 MB.
System memory in use after: 99.4 MB.

Unloading 21 unused Assets to reduce memory usage. Loaded Objects now: 2726.
Total: 2.054400 ms (FindLiveObjects: 0.181000 ms CreateObjectMapping: 0.078100 ms MarkObjects: 1.671200 ms  DeleteObjects: 0.123500 ms)

========================================================================
Received Prepare
Registering precompiled user dll's ...
Registered in 0.002568 seconds.
Begin MonoManager ReloadAssembly
Native extension for WindowsStandalone target not found
Refreshing native plugins compatible for Editor in 0.39 ms, found 3 plugins.
Preloading 0 native plugins for Editor in 0.00 ms.
Mono: successfully reloaded assembly
- Completed reload, in  0.796 seconds
Platform modules already initialized, skipping
Refreshing native plugins compatible for Editor in 0.35 ms, found 3 plugins.
Preloading 0 native plugins for Editor in 0.00 ms.
Unloading 2084 Unused Serialized files (Serialized files now loaded: 0)
System memory in use before: 99.4 MB.
System memory in use after: 99.4 MB.

Unloading 21 unused Assets to reduce memory usage. Loaded Objects now: 2730.
Total: 1.832300 ms (FindLiveObjects: 0.184100 ms CreateObjectMapping: 0.078400 ms MarkObjects: 1.494900 ms  DeleteObjects: 0.074400 ms)

========================================================================
Received Import Request.
  Time since last request: 574.225952 seconds.
  path: Assets/Prefabs/Weapon/Staff.prefab
  artifactKey: Guid(91f7525de1f04d74a8aa58e0236e0e67) Importer(815301076,1909f56bfc062723c751e8b465ee728b)
Start importing Assets/Prefabs/Weapon/Staff.prefab using Guid(91f7525de1f04d74a8aa58e0236e0e67) Importer(815301076,1909f56bfc062723c751e8b465ee728b)  -> (artifact id: 'e5b8d7cc42448c97a0e3857b732e90f2') in 0.046773 seconds
  Import took 0.049786 seconds .

========================================================================
Received Import Request.
  Time since last request: 0.000251 seconds.
  path: Assets/Prefabs/Weapon/Spear.prefab
  artifactKey: Guid(57f3f050a44a8ba4d84824bb91a3462d) Importer(815301076,1909f56bfc062723c751e8b465ee728b)
Start importing Assets/Prefabs/Weapon/Spear.prefab using Guid(57f3f050a44a8ba4d84824bb91a3462d) Importer(815301076,1909f56bfc062723c751e8b465ee728b)  -> (artifact id: '37da6f7308a3bb1157030e819b551875') in 0.016548 seconds
  Import took 0.019335 seconds .

========================================================================
Received Import Request.
  Time since last request: 0.000259 seconds.
  path: Assets/Prefabs/Weapon/Sword.prefab
  artifactKey: Guid(c25ec49b5f534644281e97f9668388a6) Importer(815301076,1909f56bfc062723c751e8b465ee728b)
Start importing Assets/Prefabs/Weapon/Sword.prefab using Guid(c25ec49b5f534644281e97f9668388a6) Importer(815301076,1909f56bfc062723c751e8b465ee728b)  -> (artifact id: 'ebf35992b71eebfc007cd75d10907c68') in 0.013199 seconds
  Import took 0.017059 seconds .

========================================================================
Received Import Request.
  Time since last request: 0.000197 seconds.
  path: Assets/Prefabs/Weapon/Pickaxe.prefab
  artifactKey: Guid(6f7aa97364bb94349b727a41669a6ad7) Importer(815301076,1909f56bfc062723c751e8b465ee728b)
Start importing Assets/Prefabs/Weapon/Pickaxe.prefab using Guid(6f7aa97364bb94349b727a41669a6ad7) Importer(815301076,1909f56bfc062723c751e8b465ee728b)  -> (artifact id: '2e69466c00cd6c1622625340c76f2e16') in 0.016484 seconds
  Import took 0.019456 seconds .

========================================================================
Received Import Request.
  Time since last request: 0.000179 seconds.
  path: Assets/Prefabs/Weapon/Club.prefab
  artifactKey: Guid(6676149f7fbe934498cf22901465a510) Importer(815301076,1909f56bfc062723c751e8b465ee728b)
Start importing Assets/Prefabs/Weapon/Club.prefab using Guid(6676149f7fbe934498cf22901465a510) Importer(815301076,1909f56bfc062723c751e8b465ee728b)  -> (artifact id: '5cc2c632f7fdc0002e0fb86b07113fdf') in 0.016441 seconds
  Import took 0.019409 seconds .

========================================================================
Received Import Request.
  Time since last request: 0.000141 seconds.
  path: Assets/Prefabs/Weapon/Axe.prefab
  artifactKey: Guid(b028364cf219fec4f9b90961cd769295) Importer(815301076,1909f56bfc062723c751e8b465ee728b)
Start importing Assets/Prefabs/Weapon/Axe.prefab using Guid(b028364cf219fec4f9b90961cd769295) Importer(815301076,1909f56bfc062723c751e8b465ee728b)  -> (artifact id: '47d21e4bee0c13ca0708d448d739b78c') in 0.010234 seconds
  Import took 0.013016 seconds .

========================================================================
Received Import Request.
  Time since last request: 0.000574 seconds.
  path: Assets/Prefabs/Weapon/Club.prefab
  artifactKey: Guid(6676149f7fbe934498cf22901465a510) Importer(815301076,1909f56bfc062723c751e8b465ee728b)
Start importing Assets/Prefabs/Weapon/Club.prefab using Guid(6676149f7fbe934498cf22901465a510) Importer(815301076,1909f56bfc062723c751e8b465ee728b)  -> (artifact id: '5cc2c632f7fdc0002e0fb86b07113fdf') in 0.012214 seconds
  Import took 0.015209 seconds .

========================================================================
Received Import Request.
  Time since last request: 31.113204 seconds.
  path: Assets/AssetPacakge/Brackeys/2D Mega Pack/Items & Icons/Pixel Art/Sheep.png
  artifactKey: Guid(6a6c98a6079537844ab0f7b2b45425b3) Importer(815301076,1909f56bfc062723c751e8b465ee728b)
Start importing Assets/AssetPacakge/Brackeys/2D Mega Pack/Items & Icons/Pixel Art/Sheep.png using Guid(6a6c98a6079537844ab0f7b2b45425b3) Importer(815301076,1909f56bfc062723c751e8b465ee728b)  -> (artifact id: '752fa8c37e435df776c0b9511bf75b2e') in 0.052580 seconds
  Import took 0.055404 seconds .

========================================================================
Received Import Request.
  Time since last request: 0.000157 seconds.
  path: Assets/AssetPacakge/Brackeys/2D Mega Pack/Items & Icons/Pixel Art/Slaves.png
  artifactKey: Guid(20326c3417635e54aa90c686a42a4875) Importer(815301076,1909f56bfc062723c751e8b465ee728b)
Start importing Assets/AssetPacakge/Brackeys/2D Mega Pack/Items & Icons/Pixel Art/Slaves.png using Guid(20326c3417635e54aa90c686a42a4875) Importer(815301076,1909f56bfc062723c751e8b465ee728b)  -> (artifact id: 'e6d4bc3f676144bf0f33a778aba63d95') in 0.025941 seconds
  Import took 0.028653 seconds .

========================================================================
Received Prepare
Registering precompiled user dll's ...
Registered in 0.002088 seconds.
Begin MonoManager ReloadAssembly
Native extension for WindowsStandalone target not found
Refreshing native plugins compatible for Editor in 0.41 ms, found 3 plugins.
Preloading 0 native plugins for Editor in 0.00 ms.
Mono: successfully reloaded assembly
- Completed reload, in  0.748 seconds
Platform modules already initialized, skipping
Refreshing native plugins compatible for Editor in 0.39 ms, found 3 plugins.
Preloading 0 native plugins for Editor in 0.00 ms.
Unloading 2084 Unused Serialized files (Serialized files now loaded: 0)
System memory in use before: 99.4 MB.
System memory in use after: 99.5 MB.

Unloading 21 unused Assets to reduce memory usage. Loaded Objects now: 2738.
Total: 1.858600 ms (FindLiveObjects: 0.184900 ms CreateObjectMapping: 0.074800 ms MarkObjects: 1.517000 ms  DeleteObjects: 0.081100 ms)

AssetImportWorkerClient::OnTransportError - code=2 error=End of file
