Using pre-set license
Built from '2020.3/staging' branch; Version is '2020.3.10f1 (297d780c91bc) revision 2719096'; Using compiler version '192528614'; Build Type 'Release'
OS: 'Windows 10 Education; OS build 19043.1387; Version 2009; 64bit' Language: 'ko' Physical Memory: 16245 MB
BatchMode: 1, IsHumanControllingUs: 0, StartBugReporterOnCrash: 0, Is64bit: 1, IsPro: 0

 COMMAND LINE ARGUMENTS:
C:\Program Files\Unity\Hub\Editor\2020.3.10f1\Editor\Unity.exe
-adb2
-batchMode
-noUpm
-name
AssetImportWorker2
-projectPath
D:/Unity_Game_Development_Project/2D_Casual_Game
-logFile
Logs/AssetImportWorker2.log
-srvPort
49877
Successfully changed project path to: D:/Unity_Game_Development_Project/2D_Casual_Game
D:/Unity_Game_Development_Project/2D_Casual_Game
Using Asset Import Pipeline V2.
Refreshing native plugins compatible for Editor in 31.34 ms, found 3 plugins.
Preloading 0 native plugins for Editor in 0.00 ms.
Initialize engine version: 2020.3.10f1 (297d780c91bc)
[Subsystems] Discovering subsystems at path C:/Program Files/Unity/Hub/Editor/2020.3.10f1/Editor/Data/Resources/UnitySubsystems
[Subsystems] Discovering subsystems at path D:/Unity_Game_Development_Project/2D_Casual_Game/Assets
GfxDevice: creating device client; threaded=0
Direct3D:
    Version:  Direct3D 11.0 [level 11.1]
    Renderer: Intel(R) UHD Graphics 630 (ID=0x9bc5)
    Vendor:   
    VRAM:     8122 MB
    Driver:   27.20.100.9316
Initialize mono
Mono path[0] = 'C:/Program Files/Unity/Hub/Editor/2020.3.10f1/Editor/Data/Managed'
Mono path[1] = 'C:/Program Files/Unity/Hub/Editor/2020.3.10f1/Editor/Data/MonoBleedingEdge/lib/mono/unityjit'
Mono config path = 'C:/Program Files/Unity/Hub/Editor/2020.3.10f1/Editor/Data/MonoBleedingEdge/etc'
Using monoOptions --debugger-agent=transport=dt_socket,embedding=1,server=y,suspend=n,address=127.0.0.1:56124
Begin MonoManager ReloadAssembly
Registering precompiled unity dll's ...
Register platform support module: C:/Program Files/Unity/Hub/Editor/2020.3.10f1/Editor/Data/PlaybackEngines/WindowsStandaloneSupport/UnityEditor.WindowsStandalone.Extensions.dll
Registered in 0.001279 seconds.
Native extension for WindowsStandalone target not found
Refreshing native plugins compatible for Editor in 31.67 ms, found 3 plugins.
Preloading 0 native plugins for Editor in 0.00 ms.
Mono: successfully reloaded assembly
- Completed reload, in  1.680 seconds
Platform modules already initialized, skipping
Registering precompiled user dll's ...
Registered in 0.002299 seconds.
Begin MonoManager ReloadAssembly
Native extension for WindowsStandalone target not found
Refreshing native plugins compatible for Editor in 30.97 ms, found 3 plugins.
Preloading 0 native plugins for Editor in 0.00 ms.
Mono: successfully reloaded assembly
- Completed reload, in  0.874 seconds
Platform modules already initialized, skipping
========================================================================
Worker process is ready to serve import requests
Launched and connected shader compiler UnityShaderCompiler.exe after 0.03 seconds
Refreshing native plugins compatible for Editor in 0.38 ms, found 3 plugins.
Preloading 0 native plugins for Editor in 0.00 ms.
Unloading 2083 Unused Serialized files (Serialized files now loaded: 0)
System memory in use before: 95.6 MB.
System memory in use after: 95.5 MB.

Unloading 33 unused Assets to reduce memory usage. Loaded Objects now: 2518.
Total: 1.798900 ms (FindLiveObjects: 0.154000 ms CreateObjectMapping: 0.068500 ms MarkObjects: 1.483200 ms  DeleteObjects: 0.092600 ms)

========================================================================
Received Import Request.
  path: Assets/Prefabs/Weapon/Spear.prefab
  artifactKey: Guid(57f3f050a44a8ba4d84824bb91a3462d) Importer(815301076,1909f56bfc062723c751e8b465ee728b)
Start importing Assets/Prefabs/Weapon/Spear.prefab using Guid(57f3f050a44a8ba4d84824bb91a3462d) Importer(815301076,1909f56bfc062723c751e8b465ee728b)  -> (artifact id: '2faf9ca2384d200ec560b6944732bf3a') in 0.072323 seconds
  Import took 0.074870 seconds .

========================================================================
Received Prepare
Registering precompiled user dll's ...
Registered in 0.002349 seconds.
Begin MonoManager ReloadAssembly
Native extension for WindowsStandalone target not found
Refreshing native plugins compatible for Editor in 0.39 ms, found 3 plugins.
Preloading 0 native plugins for Editor in 0.00 ms.
Mono: successfully reloaded assembly
- Completed reload, in  0.750 seconds
Platform modules already initialized, skipping
Refreshing native plugins compatible for Editor in 0.37 ms, found 3 plugins.
Preloading 0 native plugins for Editor in 0.00 ms.
Unloading 2078 Unused Serialized files (Serialized files now loaded: 0)
System memory in use before: 98.5 MB.
System memory in use after: 98.5 MB.

Unloading 21 unused Assets to reduce memory usage. Loaded Objects now: 2529.
Total: 1.765700 ms (FindLiveObjects: 0.147300 ms CreateObjectMapping: 0.061100 ms MarkObjects: 1.484700 ms  DeleteObjects: 0.072000 ms)

========================================================================
Received Import Request.
  Time since last request: 309.704079 seconds.
  path: Assets/Script/WeaponScript/Sword.cs
  artifactKey: Guid(005f2586c502c0b458c8f65443a25457) Importer(815301076,1909f56bfc062723c751e8b465ee728b)
Start importing Assets/Script/WeaponScript/Sword.cs using Guid(005f2586c502c0b458c8f65443a25457) Importer(815301076,1909f56bfc062723c751e8b465ee728b)  -> (artifact id: 'd6199f730f28f07daf2c6243a1305dff') in 0.012916 seconds
  Import took 0.016419 seconds .

========================================================================
Received Prepare
Registering precompiled user dll's ...
Registered in 0.002008 seconds.
Begin MonoManager ReloadAssembly
Native extension for WindowsStandalone target not found
Refreshing native plugins compatible for Editor in 0.39 ms, found 3 plugins.
Preloading 0 native plugins for Editor in 0.00 ms.
Mono: successfully reloaded assembly
- Completed reload, in  0.772 seconds
Platform modules already initialized, skipping
Refreshing native plugins compatible for Editor in 0.39 ms, found 3 plugins.
Preloading 0 native plugins for Editor in 0.00 ms.
Unloading 2079 Unused Serialized files (Serialized files now loaded: 0)
System memory in use before: 98.6 MB.
System memory in use after: 98.6 MB.

Unloading 21 unused Assets to reduce memory usage. Loaded Objects now: 2534.
Total: 1.845300 ms (FindLiveObjects: 0.178700 ms CreateObjectMapping: 0.076200 ms MarkObjects: 1.500900 ms  DeleteObjects: 0.088700 ms)

========================================================================
Received Prepare
Registering precompiled user dll's ...
Registered in 0.002095 seconds.
Begin MonoManager ReloadAssembly
Native extension for WindowsStandalone target not found
Refreshing native plugins compatible for Editor in 0.38 ms, found 3 plugins.
Preloading 0 native plugins for Editor in 0.00 ms.
Mono: successfully reloaded assembly
- Completed reload, in  0.750 seconds
Platform modules already initialized, skipping
Refreshing native plugins compatible for Editor in 0.39 ms, found 3 plugins.
Preloading 0 native plugins for Editor in 0.00 ms.
Unloading 2079 Unused Serialized files (Serialized files now loaded: 0)
System memory in use before: 98.6 MB.
System memory in use after: 98.6 MB.

Unloading 21 unused Assets to reduce memory usage. Loaded Objects now: 2538.
Total: 1.773700 ms (FindLiveObjects: 0.152100 ms CreateObjectMapping: 0.062100 ms MarkObjects: 1.481000 ms  DeleteObjects: 0.077800 ms)

========================================================================
Received Import Request.
  Time since last request: 185.182042 seconds.
  path: Assets/Script/WeaponScript/Sword.cs
  artifactKey: Guid(005f2586c502c0b458c8f65443a25457) Importer(815301076,1909f56bfc062723c751e8b465ee728b)
Start importing Assets/Script/WeaponScript/Sword.cs using Guid(005f2586c502c0b458c8f65443a25457) Importer(815301076,1909f56bfc062723c751e8b465ee728b)  -> (artifact id: '08291238d342a53886d4d58fcc6dc158') in 0.005686 seconds
  Import took 0.007959 seconds .

========================================================================
Received Prepare
Registering precompiled user dll's ...
Registered in 0.002372 seconds.
Begin MonoManager ReloadAssembly
Native extension for WindowsStandalone target not found
Refreshing native plugins compatible for Editor in 0.39 ms, found 3 plugins.
Preloading 0 native plugins for Editor in 0.00 ms.
Mono: successfully reloaded assembly
- Completed reload, in  0.754 seconds
Platform modules already initialized, skipping
Refreshing native plugins compatible for Editor in 0.37 ms, found 3 plugins.
Preloading 0 native plugins for Editor in 0.00 ms.
Unloading 2079 Unused Serialized files (Serialized files now loaded: 0)
System memory in use before: 98.6 MB.
System memory in use after: 98.6 MB.

Unloading 21 unused Assets to reduce memory usage. Loaded Objects now: 2542.
Total: 2.240000 ms (FindLiveObjects: 0.161200 ms CreateObjectMapping: 0.067000 ms MarkObjects: 1.918400 ms  DeleteObjects: 0.092700 ms)

========================================================================
Received Prepare
Registering precompiled user dll's ...
Registered in 0.002632 seconds.
Begin MonoManager ReloadAssembly
Native extension for WindowsStandalone target not found
Refreshing native plugins compatible for Editor in 0.39 ms, found 3 plugins.
Preloading 0 native plugins for Editor in 0.00 ms.
Mono: successfully reloaded assembly
- Completed reload, in  0.815 seconds
Platform modules already initialized, skipping
Refreshing native plugins compatible for Editor in 0.37 ms, found 3 plugins.
Preloading 0 native plugins for Editor in 0.00 ms.
Unloading 2079 Unused Serialized files (Serialized files now loaded: 0)
System memory in use before: 98.6 MB.
System memory in use after: 98.6 MB.

Unloading 21 unused Assets to reduce memory usage. Loaded Objects now: 2546.
Total: 1.769700 ms (FindLiveObjects: 0.157900 ms CreateObjectMapping: 0.065600 ms MarkObjects: 1.467500 ms  DeleteObjects: 0.078200 ms)

========================================================================
Received Prepare
Registering precompiled user dll's ...
Registered in 0.002544 seconds.
Begin MonoManager ReloadAssembly
Native extension for WindowsStandalone target not found
Refreshing native plugins compatible for Editor in 0.51 ms, found 3 plugins.
Preloading 0 native plugins for Editor in 0.00 ms.
Mono: successfully reloaded assembly
- Completed reload, in  0.791 seconds
Platform modules already initialized, skipping
Refreshing native plugins compatible for Editor in 0.35 ms, found 3 plugins.
Preloading 0 native plugins for Editor in 0.00 ms.
Unloading 2079 Unused Serialized files (Serialized files now loaded: 0)
System memory in use before: 98.7 MB.
System memory in use after: 98.6 MB.

Unloading 21 unused Assets to reduce memory usage. Loaded Objects now: 2550.
Total: 1.841400 ms (FindLiveObjects: 0.161600 ms CreateObjectMapping: 0.059600 ms MarkObjects: 1.547100 ms  DeleteObjects: 0.072400 ms)

========================================================================
Received Prepare
Registering precompiled user dll's ...
Registered in 0.002753 seconds.
Begin MonoManager ReloadAssembly
Native extension for WindowsStandalone target not found
Refreshing native plugins compatible for Editor in 0.39 ms, found 3 plugins.
Preloading 0 native plugins for Editor in 0.00 ms.
Mono: successfully reloaded assembly
- Completed reload, in  0.740 seconds
Platform modules already initialized, skipping
Refreshing native plugins compatible for Editor in 0.39 ms, found 3 plugins.
Preloading 0 native plugins for Editor in 0.00 ms.
Unloading 2079 Unused Serialized files (Serialized files now loaded: 0)
System memory in use before: 98.7 MB.
System memory in use after: 98.6 MB.

Unloading 21 unused Assets to reduce memory usage. Loaded Objects now: 2554.
Total: 1.985900 ms (FindLiveObjects: 0.180900 ms CreateObjectMapping: 0.063800 ms MarkObjects: 1.664500 ms  DeleteObjects: 0.076100 ms)

========================================================================
Received Prepare
Registering precompiled user dll's ...
Registered in 0.002050 seconds.
Begin MonoManager ReloadAssembly
Native extension for WindowsStandalone target not found
Refreshing native plugins compatible for Editor in 0.39 ms, found 3 plugins.
Preloading 0 native plugins for Editor in 0.00 ms.
Mono: successfully reloaded assembly
- Completed reload, in  0.741 seconds
Platform modules already initialized, skipping
Refreshing native plugins compatible for Editor in 0.39 ms, found 3 plugins.
Preloading 0 native plugins for Editor in 0.00 ms.
Unloading 2079 Unused Serialized files (Serialized files now loaded: 0)
System memory in use before: 98.7 MB.
System memory in use after: 98.7 MB.

Unloading 21 unused Assets to reduce memory usage. Loaded Objects now: 2558.
Total: 1.785600 ms (FindLiveObjects: 0.152900 ms CreateObjectMapping: 0.065700 ms MarkObjects: 1.488600 ms  DeleteObjects: 0.077700 ms)

========================================================================
Received Import Request.
  Time since last request: 826.457518 seconds.
  path: Assets/Prefabs/Weapon/Club.prefab
  artifactKey: Guid(6676149f7fbe934498cf22901465a510) Importer(815301076,1909f56bfc062723c751e8b465ee728b)
Start importing Assets/Prefabs/Weapon/Club.prefab using Guid(6676149f7fbe934498cf22901465a510) Importer(815301076,1909f56bfc062723c751e8b465ee728b)  -> (artifact id: '18cd32d85768656a69d4e9585361f739') in 0.053695 seconds
  Import took 0.057071 seconds .

========================================================================
Received Import Request.
  Time since last request: 0.764175 seconds.
  path: Assets/Prefabs/Weapon/Axe.prefab
  artifactKey: Guid(b028364cf219fec4f9b90961cd769295) Importer(815301076,1909f56bfc062723c751e8b465ee728b)
Start importing Assets/Prefabs/Weapon/Axe.prefab using Guid(b028364cf219fec4f9b90961cd769295) Importer(815301076,1909f56bfc062723c751e8b465ee728b)  -> (artifact id: '16d3330c52b9fbfd524fc0d7db40deaa') in 0.016086 seconds
  Import took 0.018867 seconds .

========================================================================
Received Import Request.
  Time since last request: 0.002597 seconds.
  path: Assets/Prefabs/Weapon/Axe.prefab
  artifactKey: Guid(b028364cf219fec4f9b90961cd769295) Importer(815301076,1909f56bfc062723c751e8b465ee728b)
Start importing Assets/Prefabs/Weapon/Axe.prefab using Guid(b028364cf219fec4f9b90961cd769295) Importer(815301076,1909f56bfc062723c751e8b465ee728b)  -> (artifact id: '16d3330c52b9fbfd524fc0d7db40deaa') in 0.009550 seconds
  Import took 0.012727 seconds .

========================================================================
Received Import Request.
  Time since last request: 1.182268 seconds.
  path: Assets/Prefabs/Weapon/Pickaxe.prefab
  artifactKey: Guid(6f7aa97364bb94349b727a41669a6ad7) Importer(815301076,1909f56bfc062723c751e8b465ee728b)
Start importing Assets/Prefabs/Weapon/Pickaxe.prefab using Guid(6f7aa97364bb94349b727a41669a6ad7) Importer(815301076,1909f56bfc062723c751e8b465ee728b)  -> (artifact id: '99c5162cd2d4cc38710bb12ed113975a') in 0.022866 seconds
  Import took 0.025809 seconds .

========================================================================
Received Import Request.
  Time since last request: 0.896511 seconds.
  path: Assets/Prefabs/Weapon/Sword.prefab
  artifactKey: Guid(c25ec49b5f534644281e97f9668388a6) Importer(815301076,1909f56bfc062723c751e8b465ee728b)
Start importing Assets/Prefabs/Weapon/Sword.prefab using Guid(c25ec49b5f534644281e97f9668388a6) Importer(815301076,1909f56bfc062723c751e8b465ee728b)  -> (artifact id: 'dc873e792aff1cd35f6dc1c111bbf0a8') in 0.022557 seconds
  Import took 0.025613 seconds .

========================================================================
Received Prepare
Registering precompiled user dll's ...
Registered in 0.002516 seconds.
Begin MonoManager ReloadAssembly
Native extension for WindowsStandalone target not found
Refreshing native plugins compatible for Editor in 0.52 ms, found 3 plugins.
Preloading 0 native plugins for Editor in 0.00 ms.
Mono: successfully reloaded assembly
- Completed reload, in  0.957 seconds
Platform modules already initialized, skipping
Refreshing native plugins compatible for Editor in 0.49 ms, found 3 plugins.
Preloading 0 native plugins for Editor in 0.00 ms.
Unloading 2079 Unused Serialized files (Serialized files now loaded: 0)
System memory in use before: 98.7 MB.
System memory in use after: 98.6 MB.

Unloading 21 unused Assets to reduce memory usage. Loaded Objects now: 2563.
Total: 2.707000 ms (FindLiveObjects: 0.249400 ms CreateObjectMapping: 0.090300 ms MarkObjects: 2.245500 ms  DeleteObjects: 0.121000 ms)

========================================================================
Received Prepare
Registering precompiled user dll's ...
Registered in 0.002073 seconds.
Begin MonoManager ReloadAssembly
Native extension for WindowsStandalone target not found
Refreshing native plugins compatible for Editor in 0.42 ms, found 3 plugins.
Preloading 0 native plugins for Editor in 0.00 ms.
Mono: successfully reloaded assembly
- Completed reload, in  0.736 seconds
Platform modules already initialized, skipping
Refreshing native plugins compatible for Editor in 0.39 ms, found 3 plugins.
Preloading 0 native plugins for Editor in 0.00 ms.
Unloading 2079 Unused Serialized files (Serialized files now loaded: 0)
System memory in use before: 98.7 MB.
System memory in use after: 98.7 MB.

Unloading 21 unused Assets to reduce memory usage. Loaded Objects now: 2567.
Total: 1.782200 ms (FindLiveObjects: 0.159100 ms CreateObjectMapping: 0.066900 ms MarkObjects: 1.472600 ms  DeleteObjects: 0.082600 ms)

========================================================================
Received Prepare
Registering precompiled user dll's ...
Registered in 0.002748 seconds.
Begin MonoManager ReloadAssembly
Native extension for WindowsStandalone target not found
Refreshing native plugins compatible for Editor in 0.39 ms, found 3 plugins.
Preloading 0 native plugins for Editor in 0.00 ms.
Mono: successfully reloaded assembly
- Completed reload, in  0.888 seconds
Platform modules already initialized, skipping
Refreshing native plugins compatible for Editor in 0.36 ms, found 3 plugins.
Preloading 0 native plugins for Editor in 0.00 ms.
Unloading 2079 Unused Serialized files (Serialized files now loaded: 0)
System memory in use before: 98.7 MB.
System memory in use after: 98.7 MB.

Unloading 21 unused Assets to reduce memory usage. Loaded Objects now: 2571.
Total: 1.858600 ms (FindLiveObjects: 0.146700 ms CreateObjectMapping: 0.060700 ms MarkObjects: 1.532600 ms  DeleteObjects: 0.118000 ms)

AssetImportWorkerClient::OnTransportError - code=2 error=End of file
